<?xml version="1.0" encoding="UTF-8"?>
<coverage generated="1782952901626" clover="3.2.0">
  <project timestamp="1782952901626" name="All files">
    <metrics statements="506" coveredstatements="301" conditionals="195" coveredconditionals="71" methods="61" coveredmethods="32" elements="762" coveredelements="404" complexity="0" loc="506" ncloc="506" packages="4" files="11" classes="11"/>
    <package name="lib">
      <metrics statements="18" coveredstatements="12" conditionals="6" coveredconditionals="4" methods="4" coveredmethods="0"/>
      <file name="prisma.ts" path="C:\Users\HYPE AMD\Documents\PKL_Polda_2026\SIGAP-PKL Polda Kalsel3213\SIGAP-PKL Polda Kalsel\backend\src\lib\prisma.ts">
        <metrics statements="5" coveredstatements="5" conditionals="5" coveredconditionals="4" methods="0" coveredmethods="0"/>
        <line num="1" count="3" type="stmt"/>
        <line num="3" count="3" type="stmt"/>
        <line num="5" count="3" type="stmt"/>
        <line num="11" count="3" type="cond" truecount="1" falsecount="0"/>
        <line num="12" count="3" type="stmt"/>
      </file>
      <file name="requestContext.ts" path="C:\Users\HYPE AMD\Documents\PKL_Polda_2026\SIGAP-PKL Polda Kalsel3213\SIGAP-PKL Polda Kalsel\backend\src\lib\requestContext.ts">
        <metrics statements="6" coveredstatements="4" conditionals="0" coveredconditionals="0" methods="2" coveredmethods="0"/>
        <line num="1" count="1" type="stmt"/>
        <line num="7" count="1" type="stmt"/>
        <line num="9" count="1" type="stmt"/>
        <line num="10" count="0" type="stmt"/>
        <line num="13" count="1" type="stmt"/>
        <line num="14" count="0" type="stmt"/>
      </file>
      <file name="socket.ts" path="C:\Users\HYPE AMD\Documents\PKL_Polda_2026\SIGAP-PKL Polda Kalsel3213\SIGAP-PKL Polda Kalsel\backend\src\lib\socket.ts">
        <metrics statements="7" coveredstatements="3" conditionals="1" coveredconditionals="0" methods="2" coveredmethods="0"/>
        <line num="8" count="1" type="stmt"/>
        <line num="13" count="1" type="stmt"/>
        <line num="14" count="0" type="stmt"/>
        <line num="21" count="1" type="stmt"/>
        <line num="22" count="0" type="cond" truecount="0" falsecount="1"/>
        <line num="23" count="0" type="stmt"/>
        <line num="27" count="0" type="stmt"/>
      </file>
    </package>
    <package name="services">
      <metrics statements="442" coveredstatements="270" conditionals="180" coveredconditionals="66" methods="45" coveredmethods="29"/>
      <file name="authService.ts" path="C:\Users\HYPE AMD\Documents\PKL_Polda_2026\SIGAP-PKL Polda Kalsel3213\SIGAP-PKL Polda Kalsel\backend\src\services\authService.ts">
        <metrics statements="53" coveredstatements="18" conditionals="7" coveredconditionals="1" methods="4" coveredmethods="1"/>
        <line num="1" count="1" type="stmt"/>
        <line num="2" count="1" type="stmt"/>
        <line num="3" count="1" type="stmt"/>
        <line num="4" count="1" type="stmt"/>
        <line num="5" count="1" type="stmt"/>
        <line num="7" count="1" type="stmt"/>
        <line num="8" count="1" type="stmt"/>
        <line num="37" count="1" type="stmt"/>
        <line num="38" count="0" type="stmt"/>
        <line num="41" count="0" type="stmt"/>
        <line num="45" count="0" type="cond" truecount="0" falsecount="1"/>
        <line num="46" count="0" type="stmt"/>
        <line num="50" count="0" type="stmt"/>
        <line num="53" count="0" type="stmt"/>
        <line num="63" count="0" type="stmt"/>
        <line num="73" count="0" type="stmt"/>
        <line num="80" count="1" type="stmt"/>
        <line num="81" count="1" type="stmt"/>
        <line num="84" count="1" type="stmt"/>
        <line num="89" count="1" type="cond" truecount="0" falsecount="1"/>
        <line num="90" count="0" type="stmt"/>
        <line num="94" count="1" type="stmt"/>
        <line num="96" count="1" type="cond" truecount="0" falsecount="1"/>
        <line num="97" count="0" type="stmt"/>
        <line num="101" count="1" type="cond" truecount="1" falsecount="0"/>
        <line num="102" count="1" type="stmt"/>
        <line num="106" count="0" type="stmt"/>
        <line num="107" count="0" type="cond" truecount="0" falsecount="1"/>
        <line num="108" count="0" type="stmt"/>
        <line num="111" count="0" type="stmt"/>
        <line num="118" count="0" type="stmt"/>
        <line num="120" count="0" type="stmt"/>
        <line num="130" count="0" type="stmt"/>
        <line num="146" count="1" type="stmt"/>
        <line num="147" count="0" type="stmt"/>
        <line num="152" count="0" type="cond" truecount="0" falsecount="1"/>
        <line num="153" count="0" type="stmt"/>
        <line num="157" count="0" type="stmt"/>
        <line num="160" count="0" type="stmt"/>
        <line num="163" count="0" type="stmt"/>
        <line num="165" count="0" type="stmt"/>
        <line num="174" count="0" type="stmt"/>
        <line num="175" count="0" type="stmt"/>
        <line num="178" count="0" type="stmt"/>
        <line num="182" count="0" type="stmt"/>
        <line num="195" count="1" type="stmt"/>
        <line num="197" count="0" type="stmt"/>
        <line num="200" count="0" type="stmt"/>
        <line num="209" count="0" type="cond" truecount="0" falsecount="1"/>
        <line num="210" count="0" type="stmt"/>
        <line num="214" count="0" type="stmt"/>
        <line num="217" count="0" type="stmt"/>
        <line num="226" count="0" type="stmt"/>
      </file>
      <file name="emailService.ts" path="C:\Users\HYPE AMD\Documents\PKL_Polda_2026\SIGAP-PKL Polda Kalsel3213\SIGAP-PKL Polda Kalsel\backend\src\services\emailService.ts">
        <metrics statements="15" coveredstatements="5" conditionals="2" coveredconditionals="2" methods="2" coveredmethods="0"/>
        <line num="1" count="1" type="stmt"/>
        <line num="2" count="1" type="stmt"/>
        <line num="4" count="1" type="stmt"/>
        <line num="5" count="0" type="stmt"/>
        <line num="6" count="0" type="stmt"/>
        <line num="7" count="0" type="stmt"/>
        <line num="11" count="1" type="stmt"/>
        <line num="25" count="1" type="stmt"/>
        <line num="26" count="0" type="stmt"/>
        <line num="28" count="0" type="stmt"/>
        <line num="49" count="0" type="stmt"/>
        <line num="50" count="0" type="stmt"/>
        <line num="56" count="0" type="stmt"/>
        <line num="58" count="0" type="stmt"/>
        <line num="59" count="0" type="stmt"/>
      </file>
      <file name="notificationService.ts" path="C:\Users\HYPE AMD\Documents\PKL_Polda_2026\SIGAP-PKL Polda Kalsel3213\SIGAP-PKL Polda Kalsel\backend\src\services\notificationService.ts">
        <metrics statements="35" coveredstatements="25" conditionals="8" coveredconditionals="3" methods="6" coveredmethods="3"/>
        <line num="1" count="2" type="stmt"/>
        <line num="3" count="2" type="stmt"/>
        <line num="4" count="2" type="stmt"/>
        <line num="37" count="2" type="stmt"/>
        <line num="38" count="1" type="stmt"/>
        <line num="48" count="1" type="stmt"/>
        <line num="49" count="1" type="stmt"/>
        <line num="50" count="1" type="cond" truecount="1" falsecount="0"/>
        <line num="51" count="1" type="stmt"/>
        <line num="65" count="1" type="stmt"/>
        <line num="74" count="2" type="stmt"/>
        <line num="78" count="0" type="stmt"/>
        <line num="79" count="0" type="cond" truecount="0" falsecount="2"/>
        <line num="80" count="0" type="stmt"/>
        <line num="82" count="0" type="stmt"/>
        <line num="97" count="0" type="stmt"/>
        <line num="99" count="0" type="stmt"/>
        <line num="117" count="2" type="stmt"/>
        <line num="118" count="160" type="stmt"/>
        <line num="122" count="160" type="cond" truecount="0" falsecount="1"/>
        <line num="123" count="0" type="stmt"/>
        <line num="126" count="160" type="cond" truecount="1" falsecount="0"/>
        <line num="127" count="80" type="stmt"/>
        <line num="130" count="80" type="stmt"/>
        <line num="141" count="2" type="stmt"/>
        <line num="142" count="0" type="stmt"/>
        <line num="154" count="2" type="stmt"/>
        <line num="155" count="160" type="stmt"/>
        <line num="159" count="160" type="cond" truecount="0" falsecount="1"/>
        <line num="160" count="0" type="stmt"/>
        <line num="163" count="160" type="cond" truecount="1" falsecount="0"/>
        <line num="164" count="80" type="stmt"/>
        <line num="167" count="80" type="stmt"/>
        <line num="175" count="2" type="stmt"/>
        <line num="176" count="0" type="stmt"/>
      </file>
      <file name="reportService.ts" path="C:\Users\HYPE AMD\Documents\PKL_Polda_2026\SIGAP-PKL Polda Kalsel3213\SIGAP-PKL Polda Kalsel\backend\src\services\reportService.ts">
        <metrics statements="122" coveredstatements="115" conditionals="32" coveredconditionals="15" methods="20" coveredmethods="20"/>
        <line num="1" count="1" type="stmt"/>
        <line num="3" count="1" type="stmt"/>
        <line num="4" count="1" type="stmt"/>
        <line num="62" count="1" type="stmt"/>
        <line num="63" count="2" type="stmt"/>
        <line num="66" count="2" type="stmt"/>
        <line num="67" count="2" type="stmt"/>
        <line num="70" count="2" type="stmt"/>
        <line num="78" count="2" type="cond" truecount="0" falsecount="1"/>
        <line num="79" count="0" type="stmt"/>
        <line num="83" count="2" type="stmt"/>
        <line num="102" count="2" type="stmt"/>
        <line num="118" count="2" type="stmt"/>
        <line num="120" count="2" type="stmt"/>
        <line num="129" count="2" type="stmt"/>
        <line num="130" count="2" type="stmt"/>
        <line num="131" count="2" type="stmt"/>
        <line num="132" count="2" type="stmt"/>
        <line num="133" count="2" type="stmt"/>
        <line num="136" count="2" type="stmt"/>
        <line num="137" count="2" type="stmt"/>
        <line num="139" count="2" type="cond" truecount="1" falsecount="0"/>
        <line num="140" count="2" type="stmt"/>
        <line num="141" count="2" type="stmt"/>
        <line num="144" count="2" type="stmt"/>
        <line num="162" count="1" type="stmt"/>
        <line num="163" count="1" type="stmt"/>
        <line num="165" count="1" type="stmt"/>
        <line num="166" count="1" type="stmt"/>
        <line num="167" count="1" type="stmt"/>
        <line num="173" count="1" type="stmt"/>
        <line num="174" count="65" type="stmt"/>
        <line num="175" count="1" type="stmt"/>
        <line num="176" count="1" type="stmt"/>
        <line num="178" count="1" type="stmt"/>
        <line num="179" count="1" type="stmt"/>
        <line num="185" count="1" type="stmt"/>
        <line num="187" count="1" type="stmt"/>
        <line num="189" count="1" type="cond" truecount="0" falsecount="1"/>
        <line num="190" count="0" type="stmt"/>
        <line num="192" count="0" type="stmt"/>
        <line num="196" count="1" type="stmt"/>
        <line num="197" count="1" type="stmt"/>
        <line num="198" count="1" type="stmt"/>
        <line num="199" count="1" type="stmt"/>
        <line num="200" count="1" type="stmt"/>
        <line num="201" count="1" type="stmt"/>
        <line num="202" count="1" type="stmt"/>
        <line num="203" count="1" type="stmt"/>
        <line num="204" count="1" type="cond" truecount="1" falsecount="1"/>
        <line num="205" count="1" type="stmt"/>
        <line num="208" count="1" type="cond" truecount="1" falsecount="1"/>
        <line num="209" count="0" type="stmt"/>
        <line num="213" count="1" type="stmt"/>
        <line num="227" count="1" type="stmt"/>
        <line num="228" count="1" type="stmt"/>
        <line num="229" count="1" type="stmt"/>
        <line num="232" count="1" type="stmt"/>
        <line num="233" count="1" type="stmt"/>
        <line num="234" count="1" type="stmt"/>
        <line num="235" count="11" type="stmt"/>
        <line num="240" count="11" type="stmt"/>
        <line num="243" count="1" type="stmt"/>
        <line num="246" count="1" type="stmt"/>
        <line num="247" count="11" type="stmt"/>
        <line num="251" count="1" type="stmt"/>
        <line num="252" count="1" type="stmt"/>
        <line num="254" count="1" type="cond" truecount="0" falsecount="1"/>
        <line num="255" count="0" type="stmt"/>
        <line num="256" count="0" type="stmt"/>
        <line num="259" count="1" type="stmt"/>
        <line num="260" count="1" type="stmt"/>
        <line num="274" count="1" type="stmt"/>
        <line num="275" count="11" type="stmt"/>
        <line num="280" count="11" type="stmt"/>
        <line num="283" count="1" type="stmt"/>
        <line num="287" count="1" type="stmt"/>
        <line num="289" count="0" type="stmt"/>
        <line num="302" count="1" type="stmt"/>
        <line num="303" count="1" type="stmt"/>
        <line num="305" count="1" type="stmt"/>
        <line num="306" count="1" type="stmt"/>
        <line num="311" count="1" type="stmt"/>
        <line num="312" count="1" type="stmt"/>
        <line num="313" count="1" type="stmt"/>
        <line num="316" count="1" type="stmt"/>
        <line num="319" count="1" type="stmt"/>
        <line num="320" count="1" type="stmt"/>
        <line num="321" count="1" type="stmt"/>
        <line num="322" count="1" type="stmt"/>
        <line num="323" count="1" type="stmt"/>
        <line num="326" count="1" type="stmt"/>
        <line num="329" count="1" type="stmt"/>
        <line num="343" count="1" type="stmt"/>
        <line num="344" count="1" type="stmt"/>
        <line num="345" count="1" type="stmt"/>
        <line num="346" count="11" type="stmt"/>
        <line num="351" count="11" type="stmt"/>
        <line num="352" count="11" type="stmt"/>
        <line num="353" count="11" type="stmt"/>
        <line num="362" count="1" type="stmt"/>
        <line num="377" count="1" type="stmt"/>
        <line num="378" count="1" type="stmt"/>
        <line num="392" count="1" type="stmt"/>
        <line num="393" count="11" type="stmt"/>
        <line num="404" count="1" type="stmt"/>
        <line num="405" count="1" type="stmt"/>
        <line num="408" count="1" type="stmt"/>
        <line num="409" count="1" type="stmt"/>
        <line num="411" count="1" type="stmt"/>
        <line num="412" count="1" type="stmt"/>
        <line num="413" count="1" type="stmt"/>
        <line num="414" count="1" type="stmt"/>
        <line num="415" count="1" type="stmt"/>
        <line num="416" count="1" type="stmt"/>
        <line num="424" count="1" type="stmt"/>
        <line num="425" count="1" type="stmt"/>
        <line num="431" count="6" type="stmt"/>
        <line num="432" count="6" type="stmt"/>
        <line num="433" count="6" type="stmt"/>
        <line num="434" count="6" type="stmt"/>
        <line num="435" count="6" type="stmt"/>
      </file>
      <file name="ticketService.ts" path="C:\Users\HYPE AMD\Documents\PKL_Polda_2026\SIGAP-PKL Polda Kalsel3213\SIGAP-PKL Polda Kalsel\backend\src\services\ticketService.ts">
        <metrics statements="217" coveredstatements="107" conditionals="131" coveredconditionals="45" methods="13" coveredmethods="5"/>
        <line num="1" count="2" type="stmt"/>
        <line num="9" count="2" type="stmt"/>
        <line num="10" count="2" type="stmt"/>
        <line num="11" count="2" type="stmt"/>
        <line num="12" count="2" type="stmt"/>
        <line num="13" count="2" type="stmt"/>
        <line num="61" count="2" type="stmt"/>
        <line num="67" count="0" type="stmt"/>
        <line num="71" count="0" type="cond" truecount="0" falsecount="1"/>
        <line num="72" count="0" type="stmt"/>
        <line num="75" count="0" type="cond" truecount="0" falsecount="1"/>
        <line num="76" count="0" type="stmt"/>
        <line num="84" count="0" type="stmt"/>
        <line num="92" count="0" type="cond" truecount="0" falsecount="1"/>
        <line num="93" count="0" type="stmt"/>
        <line num="101" count="0" type="stmt"/>
        <line num="104" count="0" type="stmt"/>
        <line num="124" count="0" type="stmt"/>
        <line num="126" count="0" type="cond" truecount="0" falsecount="3"/>
        <line num="127" count="0" type="stmt"/>
        <line num="135" count="0" type="stmt"/>
        <line num="140" count="0" type="stmt"/>
        <line num="153" count="0" type="stmt"/>
        <line num="166" count="0" type="stmt"/>
        <line num="167" count="0" type="stmt"/>
        <line num="172" count="0" type="stmt"/>
        <line num="174" count="0" type="stmt"/>
        <line num="186" count="0" type="stmt"/>
        <line num="199" count="2" type="stmt"/>
        <line num="204" count="0" type="cond" truecount="0" falsecount="4"/>
        <line num="205" count="0" type="cond" truecount="0" falsecount="4"/>
        <line num="206" count="0" type="stmt"/>
        <line num="209" count="0" type="stmt"/>
        <line num="213" count="0" type="cond" truecount="0" falsecount="1"/>
        <line num="214" count="0" type="stmt"/>
        <line num="217" count="0" type="cond" truecount="0" falsecount="1"/>
        <line num="218" count="0" type="stmt"/>
        <line num="224" count="0" type="cond" truecount="0" falsecount="3"/>
        <line num="225" count="0" type="stmt"/>
        <line num="226" count="0" type="cond" truecount="0" falsecount="1"/>
        <line num="227" count="0" type="cond" truecount="0" falsecount="1"/>
        <line num="228" count="0" type="stmt"/>
        <line num="229" count="0" type="stmt"/>
        <line num="230" count="0" type="stmt"/>
        <line num="235" count="0" type="cond" truecount="0" falsecount="1"/>
        <line num="236" count="0" type="stmt"/>
        <line num="242" count="0" type="cond" truecount="0" falsecount="1"/>
        <line num="243" count="0" type="stmt"/>
        <line num="244" count="0" type="stmt"/>
        <line num="247" count="0" type="stmt"/>
        <line num="274" count="0" type="stmt"/>
        <line num="276" count="0" type="stmt"/>
        <line num="294" count="2" type="stmt"/>
        <line num="298" count="1" type="cond" truecount="3" falsecount="1"/>
        <line num="299" count="1" type="cond" truecount="3" falsecount="1"/>
        <line num="300" count="1" type="stmt"/>
        <line num="302" count="1" type="stmt"/>
        <line num="304" count="1" type="cond" truecount="1" falsecount="0"/>
        <line num="305" count="1" type="stmt"/>
        <line num="308" count="1" type="cond" truecount="1" falsecount="0"/>
        <line num="309" count="1" type="stmt"/>
        <line num="315" count="1" type="cond" truecount="2" falsecount="1"/>
        <line num="316" count="0" type="stmt"/>
        <line num="317" count="0" type="cond" truecount="0" falsecount="1"/>
        <line num="318" count="0" type="cond" truecount="0" falsecount="1"/>
        <line num="319" count="0" type="stmt"/>
        <line num="320" count="0" type="stmt"/>
        <line num="321" count="0" type="stmt"/>
        <line num="325" count="1" type="stmt"/>
        <line num="356" count="1" type="stmt"/>
        <line num="358" count="1" type="stmt"/>
        <line num="375" count="2" type="stmt"/>
        <line num="380" count="0" type="cond" truecount="0" falsecount="4"/>
        <line num="381" count="0" type="cond" truecount="0" falsecount="4"/>
        <line num="382" count="0" type="stmt"/>
        <line num="384" count="0" type="stmt"/>
        <line num="386" count="0" type="cond" truecount="0" falsecount="1"/>
        <line num="387" count="0" type="stmt"/>
        <line num="390" count="0" type="cond" truecount="0" falsecount="1"/>
        <line num="391" count="0" type="stmt"/>
        <line num="397" count="0" type="cond" truecount="0" falsecount="3"/>
        <line num="398" count="0" type="stmt"/>
        <line num="399" count="0" type="cond" truecount="0" falsecount="1"/>
        <line num="400" count="0" type="cond" truecount="0" falsecount="1"/>
        <line num="401" count="0" type="stmt"/>
        <line num="402" count="0" type="stmt"/>
        <line num="403" count="0" type="stmt"/>
        <line num="407" count="0" type="stmt"/>
        <line num="432" count="0" type="stmt"/>
        <line num="434" count="0" type="stmt"/>
        <line num="451" count="2" type="stmt"/>
        <line num="456" count="0" type="cond" truecount="0" falsecount="4"/>
        <line num="457" count="0" type="cond" truecount="0" falsecount="4"/>
        <line num="460" count="0" type="stmt"/>
        <line num="465" count="0" type="cond" truecount="0" falsecount="3"/>
        <line num="467" count="0" type="stmt"/>
        <line num="478" count="0" type="stmt"/>
        <line num="479" count="0" type="stmt"/>
        <line num="481" count="0" type="cond" truecount="0" falsecount="1"/>
        <line num="482" count="0" type="stmt"/>
        <line num="485" count="0" type="cond" truecount="0" falsecount="1"/>
        <line num="486" count="0" type="stmt"/>
        <line num="492" count="0" type="cond" truecount="0" falsecount="3"/>
        <line num="493" count="0" type="stmt"/>
        <line num="494" count="0" type="cond" truecount="0" falsecount="1"/>
        <line num="495" count="0" type="cond" truecount="0" falsecount="1"/>
        <line num="496" count="0" type="stmt"/>
        <line num="497" count="0" type="stmt"/>
        <line num="498" count="0" type="stmt"/>
        <line num="502" count="0" type="stmt"/>
        <line num="527" count="0" type="stmt"/>
        <line num="529" count="0" type="stmt"/>
        <line num="553" count="2" type="stmt"/>
        <line num="558" count="0" type="stmt"/>
        <line num="597" count="0" type="cond" truecount="0" falsecount="1"/>
        <line num="598" count="0" type="stmt"/>
        <line num="602" count="0" type="cond" truecount="0" falsecount="5"/>
        <line num="604" count="0" type="cond" truecount="0" falsecount="1"/>
        <line num="605" count="0" type="stmt"/>
        <line num="607" count="0" type="stmt"/>
        <line num="611" count="0" type="stmt"/>
        <line num="614" count="0" type="cond" truecount="0" falsecount="1"/>
        <line num="615" count="0" type="stmt"/>
        <line num="617" count="0" type="stmt"/>
        <line num="621" count="0" type="stmt"/>
        <line num="626" count="0" type="cond" truecount="0" falsecount="3"/>
        <line num="627" count="0" type="stmt"/>
        <line num="630" count="0" type="cond" truecount="0" falsecount="1"/>
        <line num="631" count="0" type="stmt"/>
        <line num="633" count="0" type="stmt"/>
        <line num="637" count="0" type="stmt"/>
        <line num="640" count="0" type="stmt"/>
        <line num="655" count="2" type="stmt"/>
        <line num="661" count="13" type="stmt"/>
        <line num="665" count="13" type="cond" truecount="1" falsecount="0"/>
        <line num="666" count="2" type="stmt"/>
        <line num="669" count="11" type="cond" truecount="1" falsecount="0"/>
        <line num="670" count="2" type="stmt"/>
        <line num="678" count="9" type="stmt"/>
        <line num="682" count="9" type="cond" truecount="1" falsecount="0"/>
        <line num="683" count="2" type="stmt"/>
        <line num="686" count="7" type="cond" truecount="1" falsecount="0"/>
        <line num="687" count="2" type="stmt"/>
        <line num="694" count="5" type="cond" truecount="1" falsecount="0"/>
        <line num="695" count="2" type="stmt"/>
        <line num="703" count="3" type="stmt"/>
        <line num="704" count="3" type="stmt"/>
        <line num="716" count="3" type="cond" truecount="1" falsecount="0"/>
        <line num="717" count="2" type="stmt"/>
        <line num="725" count="1" type="stmt"/>
        <line num="738" count="1" type="stmt"/>
        <line num="744" count="1" type="stmt"/>
        <line num="757" count="1" type="stmt"/>
        <line num="758" count="1" type="stmt"/>
        <line num="768" count="1" type="stmt"/>
        <line num="783" count="2" type="stmt"/>
        <line num="788" count="5" type="stmt"/>
        <line num="792" count="5" type="cond" truecount="1" falsecount="0"/>
        <line num="793" count="1" type="stmt"/>
        <line num="796" count="4" type="cond" truecount="1" falsecount="0"/>
        <line num="797" count="1" type="stmt"/>
        <line num="805" count="3" type="cond" truecount="1" falsecount="0"/>
        <line num="806" count="1" type="stmt"/>
        <line num="814" count="2" type="stmt"/>
        <line num="815" count="2" type="stmt"/>
        <line num="826" count="2" type="cond" truecount="1" falsecount="0"/>
        <line num="827" count="1" type="stmt"/>
        <line num="835" count="1" type="stmt"/>
        <line num="848" count="1" type="stmt"/>
        <line num="854" count="1" type="stmt"/>
        <line num="865" count="1" type="stmt"/>
        <line num="866" count="1" type="stmt"/>
        <line num="876" count="1" type="stmt"/>
        <line num="895" count="2" type="stmt"/>
        <line num="902" count="8" type="stmt"/>
        <line num="906" count="8" type="cond" truecount="1" falsecount="0"/>
        <line num="907" count="1" type="stmt"/>
        <line num="910" count="7" type="cond" truecount="3" falsecount="0"/>
        <line num="911" count="2" type="stmt"/>
        <line num="919" count="5" type="cond" truecount="1" falsecount="0"/>
        <line num="920" count="3" type="cond" truecount="1" falsecount="0"/>
        <line num="921" count="1" type="stmt"/>
        <line num="931" count="4" type="cond" truecount="3" falsecount="1"/>
        <line num="932" count="0" type="stmt"/>
        <line num="940" count="4" type="stmt"/>
        <line num="951" count="4" type="cond" truecount="1" falsecount="0"/>
        <line num="952" count="1" type="stmt"/>
        <line num="960" count="3" type="stmt"/>
        <line num="973" count="3" type="stmt"/>
        <line num="979" count="3" type="stmt"/>
        <line num="992" count="3" type="stmt"/>
        <line num="994" count="3" type="cond" truecount="1" falsecount="0"/>
        <line num="995" count="2" type="stmt"/>
        <line num="1004" count="3" type="cond" truecount="3" falsecount="0"/>
        <line num="1005" count="1" type="stmt"/>
        <line num="1014" count="3" type="stmt"/>
        <line num="1019" count="3" type="stmt"/>
        <line num="1021" count="0" type="stmt"/>
        <line num="1033" count="3" type="stmt"/>
        <line num="1051" count="2" type="stmt"/>
        <line num="1056" count="5" type="stmt"/>
        <line num="1057" count="5" type="cond" truecount="1" falsecount="0"/>
        <line num="1058" count="1" type="stmt"/>
        <line num="1062" count="4" type="stmt"/>
        <line num="1066" count="4" type="cond" truecount="1" falsecount="0"/>
        <line num="1067" count="1" type="stmt"/>
        <line num="1070" count="3" type="cond" truecount="1" falsecount="0"/>
        <line num="1071" count="1" type="stmt"/>
        <line num="1079" count="2" type="stmt"/>
        <line num="1090" count="2" type="cond" truecount="1" falsecount="0"/>
        <line num="1091" count="1" type="stmt"/>
        <line num="1099" count="1" type="stmt"/>
        <line num="1112" count="1" type="stmt"/>
        <line num="1118" count="1" type="stmt"/>
        <line num="1130" count="1" type="stmt"/>
        <line num="1131" count="1" type="stmt"/>
        <line num="1141" count="1" type="stmt"/>
      </file>
    </package>
    <package name="utils">
      <metrics statements="38" coveredstatements="11" conditionals="9" coveredconditionals="1" methods="10" coveredmethods="1"/>
      <file name="AppError.ts" path="C:\Users\HYPE AMD\Documents\PKL_Polda_2026\SIGAP-PKL Polda Kalsel3213\SIGAP-PKL Polda Kalsel\backend\src\utils\AppError.ts">
        <metrics statements="9" coveredstatements="8" conditionals="3" coveredconditionals="1" methods="2" coveredmethods="1"/>
        <line num="5" count="5" type="stmt"/>
        <line num="16" count="193" type="stmt"/>
        <line num="17" count="193" type="stmt"/>
        <line num="18" count="193" type="stmt"/>
        <line num="19" count="193" type="stmt"/>
        <line num="22" count="193" type="stmt"/>
        <line num="25" count="193" type="cond" truecount="1" falsecount="0"/>
        <line num="26" count="193" type="stmt"/>
        <line num="34" count="0" type="stmt"/>
      </file>
      <file name="logger.ts" path="C:\Users\HYPE AMD\Documents\PKL_Polda_2026\SIGAP-PKL Polda Kalsel3213\SIGAP-PKL Polda Kalsel\backend\src\utils\logger.ts">
        <metrics statements="29" coveredstatements="3" conditionals="6" coveredconditionals="0" methods="8" coveredmethods="0"/>
        <line num="1" count="1" type="stmt"/>
        <line num="2" count="1" type="stmt"/>
        <line num="10" count="1" type="stmt"/>
        <line num="12" count="0" type="stmt"/>
        <line num="16" count="0" type="stmt"/>
        <line num="20" count="0" type="stmt"/>
        <line num="24" count="0" type="cond" truecount="0" falsecount="1"/>
        <line num="25" count="0" type="stmt"/>
        <line num="33" count="0" type="cond" truecount="0" falsecount="1"/>
        <line num="34" count="0" type="stmt"/>
        <line num="35" count="0" type="stmt"/>
        <line num="38" count="0" type="cond" truecount="0" falsecount="1"/>
        <line num="39" count="0" type="stmt"/>
        <line num="40" count="0" type="stmt"/>
        <line num="43" count="0" type="cond" truecount="0" falsecount="1"/>
        <line num="44" count="0" type="stmt"/>
        <line num="45" count="0" type="stmt"/>
        <line num="48" count="0" type="stmt"/>
        <line num="53" count="0" type="stmt"/>
        <line num="57" count="0" type="stmt"/>
        <line num="58" count="0" type="cond" truecount="0" falsecount="1"/>
        <line num="59" count="0" type="stmt"/>
        <line num="62" count="0" type="stmt"/>
        <line num="66" count="0" type="stmt"/>
        <line num="67" count="0" type="stmt"/>
        <line num="69" count="0" type="cond" truecount="0" falsecount="1"/>
        <line num="70" count="0" type="stmt"/>
        <line num="71" count="0" type="stmt"/>
        <line num="74" count="0" type="stmt"/>
      </file>
    </package>
    <package name="validators">
      <metrics statements="8" coveredstatements="8" conditionals="0" coveredconditionals="0" methods="2" coveredmethods="2"/>
      <file name="auth.ts" path="C:\Users\HYPE AMD\Documents\PKL_Polda_2026\SIGAP-PKL Polda Kalsel3213\SIGAP-PKL Polda Kalsel\backend\src\validators\auth.ts">
        <metrics statements="8" coveredstatements="8" conditionals="0" coveredconditionals="0" methods="2" coveredmethods="2"/>
        <line num="1" count="1" type="stmt"/>
        <line num="9" count="1" type="stmt"/>
        <line num="13" count="200" type="stmt"/>
        <line num="16" count="200" type="stmt"/>
        <line num="27" count="1" type="stmt"/>
        <line num="48" count="1" type="stmt"/>
        <line num="61" count="1" type="stmt"/>
        <line num="72" count="1" type="stmt"/>
      </file>
    </package>
  </project>
</coverage>
