{"C:\\Users\\HYPE AMD\\Documents\\PKL_Polda_2026\\SIGAP-PKL Polda Kalsel3213\\SIGAP-PKL Polda Kalsel\\backend\\src\\lib\\prisma.ts": {"path":"C:\\Users\\HYPE AMD\\Documents\\PKL_Polda_2026\\SIGAP-PKL Polda Kalsel3213\\SIGAP-PKL Polda Kalsel\\backend\\src\\lib\\prisma.ts","statementMap":{"0":{"start":{"line":1,"column":0},"end":{"line":1,"column":46}},"1":{"start":{"line":3,"column":24},"end":{"line":3,"column":69}},"2":{"start":{"line":5,"column":13},"end":{"line":9,"column":5}},"3":{"start":{"line":11,"column":0},"end":{"line":13,"column":1}},"4":{"start":{"line":12,"column":2},"end":{"line":12,"column":34}}},"fnMap":{},"branchMap":{"0":{"loc":{"start":{"line":6,"column":2},"end":{"line":9,"column":4}},"type":"binary-expr","locations":[{"start":{"line":6,"column":2},"end":{"line":6,"column":24}},{"start":{"line":7,"column":2},"end":{"line":9,"column":4}}]},"1":{"loc":{"start":{"line":8,"column":9},"end":{"line":8,"column":79}},"type":"cond-expr","locations":[{"start":{"line":8,"column":50},"end":{"line":8,"column":67}},{"start":{"line":8,"column":70},"end":{"line":8,"column":79}}]},"2":{"loc":{"start":{"line":11,"column":0},"end":{"line":13,"column":1}},"type":"if","locations":[{"start":{"line":11,"column":0},"end":{"line":13,"column":1}}]}},"s":{"0":3,"1":3,"2":3,"3":3,"4":3},"f":{},"b":{"0":[3,3],"1":[0,3],"2":[3]}}
,"C:\\Users\\HYPE AMD\\Documents\\PKL_Polda_2026\\SIGAP-PKL Polda Kalsel3213\\SIGAP-PKL Polda Kalsel\\backend\\src\\lib\\requestContext.ts": {"path":"C:\\Users\\HYPE AMD\\Documents\\PKL_Polda_2026\\SIGAP-PKL Polda Kalsel3213\\SIGAP-PKL Polda Kalsel\\backend\\src\\lib\\requestContext.ts","statementMap":{"0":{"start":{"line":9,"column":0},"end":{"line":9,"column":16}},"1":{"start":{"line":13,"column":0},"end":{"line":13,"column":16}},"2":{"start":{"line":1,"column":0},"end":{"line":1,"column":48}},"3":{"start":{"line":7,"column":23},"end":{"line":7,"column":67}},"4":{"start":{"line":10,"column":2},"end":{"line":10,"column":45}},"5":{"start":{"line":14,"column":2},"end":{"line":14,"column":46}}},"fnMap":{"0":{"name":"runWithRequestContext","decl":{"start":{"line":9,"column":16},"end":{"line":9,"column":37}},"loc":{"start":{"line":9,"column":86},"end":{"line":11,"column":1}}},"1":{"name":"getRequestId","decl":{"start":{"line":13,"column":16},"end":{"line":13,"column":28}},"loc":{"start":{"line":13,"column":28},"end":{"line":15,"column":1}}}},"branchMap":{},"s":{"0":1,"1":1,"2":1,"3":1,"4":0,"5":0},"f":{"0":0,"1":0},"b":{}}
,"C:\\Users\\HYPE AMD\\Documents\\PKL_Polda_2026\\SIGAP-PKL Polda Kalsel3213\\SIGAP-PKL Polda Kalsel\\backend\\src\\lib\\socket.ts": {"path":"C:\\Users\\HYPE AMD\\Documents\\PKL_Polda_2026\\SIGAP-PKL Polda Kalsel3213\\SIGAP-PKL Polda Kalsel\\backend\\src\\lib\\socket.ts","statementMap":{"0":{"start":{"line":13,"column":0},"end":{"line":13,"column":16}},"1":{"start":{"line":21,"column":0},"end":{"line":21,"column":16}},"2":{"start":{"line":8,"column":34},"end":{"line":8,"column":38}},"3":{"start":{"line":14,"column":2},"end":{"line":14,"column":18}},"4":{"start":{"line":22,"column":2},"end":{"line":26,"column":3}},"5":{"start":{"line":23,"column":4},"end":{"line":25,"column":6}},"6":{"start":{"line":27,"column":2},"end":{"line":27,"column":20}}},"fnMap":{"0":{"name":"setIO","decl":{"start":{"line":13,"column":16},"end":{"line":13,"column":21}},"loc":{"start":{"line":13,"column":34},"end":{"line":15,"column":1}}},"1":{"name":"getIO","decl":{"start":{"line":21,"column":16},"end":{"line":21,"column":21}},"loc":{"start":{"line":21,"column":21},"end":{"line":28,"column":1}}}},"branchMap":{"0":{"loc":{"start":{"line":22,"column":2},"end":{"line":26,"column":3}},"type":"if","locations":[{"start":{"line":22,"column":2},"end":{"line":26,"column":3}}]}},"s":{"0":1,"1":1,"2":1,"3":0,"4":0,"5":0,"6":0},"f":{"0":0,"1":0},"b":{"0":[0]}}
,"C:\\Users\\HYPE AMD\\Documents\\PKL_Polda_2026\\SIGAP-PKL Polda Kalsel3213\\SIGAP-PKL Polda Kalsel\\backend\\src\\services\\authService.ts": {"path":"C:\\Users\\HYPE AMD\\Documents\\PKL_Polda_2026\\SIGAP-PKL Polda Kalsel3213\\SIGAP-PKL Polda Kalsel\\backend\\src\\services\\authService.ts","statementMap":{"0":{"start":{"line":37,"column":0},"end":{"line":37,"column":7}},"1":{"start":{"line":80,"column":0},"end":{"line":80,"column":7}},"2":{"start":{"line":146,"column":0},"end":{"line":146,"column":7}},"3":{"start":{"line":195,"column":0},"end":{"line":195,"column":7}},"4":{"start":{"line":1,"column":0},"end":{"line":1,"column":39}},"5":{"start":{"line":2,"column":0},"end":{"line":2,"column":30}},"6":{"start":{"line":3,"column":0},"end":{"line":3,"column":28}},"7":{"start":{"line":4,"column":0},"end":{"line":4,"column":31}},"8":{"start":{"line":5,"column":0},"end":{"line":5,"column":45}},"9":{"start":{"line":7,"column":0},"end":{"line":7,"column":56}},"10":{"start":{"line":8,"column":0},"end":{"line":8,"column":47}},"11":{"start":{"line":38,"column":51},"end":{"line":38,"column":55}},"12":{"start":{"line":41,"column":23},"end":{"line":43,"column":4}},"13":{"start":{"line":45,"column":2},"end":{"line":47,"column":3}},"14":{"start":{"line":46,"column":4},"end":{"line":46,"column":69}},"15":{"start":{"line":50,"column":25},"end":{"line":50,"column":56}},"16":{"start":{"line":53,"column":15},"end":{"line":61,"column":4}},"17":{"start":{"line":63,"column":2},"end":{"line":71,"column":5}},"18":{"start":{"line":73,"column":2},"end":{"line":73,"column":29}},"19":{"start":{"line":81,"column":30},"end":{"line":81,"column":34}},"20":{"start":{"line":84,"column":15},"end":{"line":86,"column":4}},"21":{"start":{"line":89,"column":2},"end":{"line":91,"column":3}},"22":{"start":{"line":90,"column":4},"end":{"line":90,"column":80}},"23":{"start":{"line":94,"column":26},"end":{"line":94,"column":71}},"24":{"start":{"line":96,"column":2},"end":{"line":98,"column":3}},"25":{"start":{"line":97,"column":4},"end":{"line":97,"column":80}},"26":{"start":{"line":101,"column":2},"end":{"line":103,"column":3}},"27":{"start":{"line":102,"column":4},"end":{"line":102,"column":76}},"28":{"start":{"line":106,"column":20},"end":{"line":106,"column":42}},"29":{"start":{"line":107,"column":2},"end":{"line":109,"column":3}},"30":{"start":{"line":108,"column":4},"end":{"line":108,"column":52}},"31":{"start":{"line":111,"column":34},"end":{"line":116,"column":4}},"32":{"start":{"line":118,"column":16},"end":{"line":118,"column":66}},"33":{"start":{"line":120,"column":2},"end":{"line":128,"column":5}},"34":{"start":{"line":130,"column":2},"end":{"line":138,"column":4}},"35":{"start":{"line":147,"column":15},"end":{"line":149,"column":4}},"36":{"start":{"line":152,"column":2},"end":{"line":154,"column":3}},"37":{"start":{"line":153,"column":4},"end":{"line":153,"column":11}},"38":{"start":{"line":157,"column":21},"end":{"line":157,"column":59}},"39":{"start":{"line":160,"column":22},"end":{"line":160,"column":82}},"40":{"start":{"line":163,"column":20},"end":{"line":163,"column":57}},"41":{"start":{"line":165,"column":2},"end":{"line":171,"column":5}},"42":{"start":{"line":174,"column":2},"end":{"line":187,"column":3}},"43":{"start":{"line":175,"column":4},"end":{"line":175,"column":57}},"44":{"start":{"line":178,"column":4},"end":{"line":181,"column":7}},"45":{"start":{"line":182,"column":4},"end":{"line":186,"column":6}},"46":{"start":{"line":197,"column":22},"end":{"line":197,"column":77}},"47":{"start":{"line":200,"column":15},"end":{"line":207,"column":4}},"48":{"start":{"line":209,"column":2},"end":{"line":211,"column":3}},"49":{"start":{"line":210,"column":4},"end":{"line":210,"column":89}},"50":{"start":{"line":214,"column":25},"end":{"line":214,"column":59}},"51":{"start":{"line":217,"column":2},"end":{"line":224,"column":5}},"52":{"start":{"line":226,"column":2},"end":{"line":234,"column":5}}},"fnMap":{"0":{"name":"register","decl":{"start":{"line":37,"column":22},"end":{"line":37,"column":30}},"loc":{"start":{"line":37,"column":49},"end":{"line":74,"column":1}}},"1":{"name":"login","decl":{"start":{"line":80,"column":22},"end":{"line":80,"column":27}},"loc":{"start":{"line":80,"column":43},"end":{"line":139,"column":1}}},"2":{"name":"requestPasswordReset","decl":{"start":{"line":146,"column":22},"end":{"line":146,"column":42}},"loc":{"start":{"line":146,"column":56},"end":{"line":188,"column":1}}},"3":{"name":"resetPassword","decl":{"start":{"line":195,"column":22},"end":{"line":195,"column":35}},"loc":{"start":{"line":195,"column":70},"end":{"line":235,"column":1}}}},"branchMap":{"0":{"loc":{"start":{"line":45,"column":2},"end":{"line":47,"column":3}},"type":"if","locations":[{"start":{"line":45,"column":2},"end":{"line":47,"column":3}}]},"1":{"loc":{"start":{"line":89,"column":2},"end":{"line":91,"column":3}},"type":"if","locations":[{"start":{"line":89,"column":2},"end":{"line":91,"column":3}}]},"2":{"loc":{"start":{"line":96,"column":2},"end":{"line":98,"column":3}},"type":"if","locations":[{"start":{"line":96,"column":2},"end":{"line":98,"column":3}}]},"3":{"loc":{"start":{"line":101,"column":2},"end":{"line":103,"column":3}},"type":"if","locations":[{"start":{"line":101,"column":2},"end":{"line":103,"column":3}}]},"4":{"loc":{"start":{"line":107,"column":2},"end":{"line":109,"column":3}},"type":"if","locations":[{"start":{"line":107,"column":2},"end":{"line":109,"column":3}}]},"5":{"loc":{"start":{"line":152,"column":2},"end":{"line":154,"column":3}},"type":"if","locations":[{"start":{"line":152,"column":2},"end":{"line":154,"column":3}}]},"6":{"loc":{"start":{"line":209,"column":2},"end":{"line":211,"column":3}},"type":"if","locations":[{"start":{"line":209,"column":2},"end":{"line":211,"column":3}}]}},"s":{"0":1,"1":1,"2":1,"3":1,"4":1,"5":1,"6":1,"7":1,"8":1,"9":1,"10":1,"11":0,"12":0,"13":0,"14":0,"15":0,"16":0,"17":0,"18":0,"19":1,"20":1,"21":1,"22":0,"23":1,"24":1,"25":0,"26":1,"27":1,"28":0,"29":0,"30":0,"31":0,"32":0,"33":0,"34":0,"35":0,"36":0,"37":0,"38":0,"39":0,"40":0,"41":0,"42":0,"43":0,"44":0,"45":0,"46":0,"47":0,"48":0,"49":0,"50":0,"51":0,"52":0},"f":{"0":0,"1":1,"2":0,"3":0},"b":{"0":[0],"1":[0],"2":[0],"3":[1],"4":[0],"5":[0],"6":[0]}}
,"C:\\Users\\HYPE AMD\\Documents\\PKL_Polda_2026\\SIGAP-PKL Polda Kalsel3213\\SIGAP-PKL Polda Kalsel\\backend\\src\\services\\emailService.ts": {"path":"C:\\Users\\HYPE AMD\\Documents\\PKL_Polda_2026\\SIGAP-PKL Polda Kalsel3213\\SIGAP-PKL Polda Kalsel\\backend\\src\\services\\emailService.ts","statementMap":{"0":{"start":{"line":25,"column":0},"end":{"line":25,"column":7}},"1":{"start":{"line":1,"column":0},"end":{"line":1,"column":36}},"2":{"start":{"line":2,"column":0},"end":{"line":2,"column":41}},"3":{"start":{"line":6,"column":4},"end":{"line":6,"column":19}},"4":{"start":{"line":5,"column":47},"end":{"line":5,"column":62}},"5":{"start":{"line":7,"column":4},"end":{"line":7,"column":36}},"6":{"start":{"line":4,"column":0},"end":{"line":4,"column":13}},"7":{"start":{"line":11,"column":20},"end":{"line":19,"column":2}},"8":{"start":{"line":26,"column":19},"end":{"line":26,"column":69}},"9":{"start":{"line":28,"column":19},"end":{"line":47,"column":4}},"10":{"start":{"line":49,"column":2},"end":{"line":60,"column":3}},"11":{"start":{"line":50,"column":4},"end":{"line":55,"column":7}},"12":{"start":{"line":56,"column":4},"end":{"line":56,"column":57}},"13":{"start":{"line":58,"column":4},"end":{"line":58,"column":63}},"14":{"start":{"line":59,"column":4},"end":{"line":59,"column":78}}},"fnMap":{"0":{"name":"(anonymous_1)","decl":{"start":{"line":5,"column":2},"end":{"line":5,"column":14}},"loc":{"start":{"line":5,"column":62},"end":{"line":8,"column":3}}},"1":{"name":"sendPasswordResetEmail","decl":{"start":{"line":25,"column":22},"end":{"line":25,"column":44}},"loc":{"start":{"line":25,"column":73},"end":{"line":61,"column":1}}}},"branchMap":{"0":{"loc":{"start":{"line":13,"column":8},"end":{"line":13,"column":44}},"type":"binary-expr","locations":[{"start":{"line":13,"column":8},"end":{"line":13,"column":37}},{"start":{"line":13,"column":41},"end":{"line":13,"column":44}}]}},"s":{"0":1,"1":1,"2":1,"3":0,"4":0,"5":0,"6":1,"7":1,"8":0,"9":0,"10":0,"11":0,"12":0,"13":0,"14":0},"f":{"0":0,"1":0},"b":{"0":[1,1]}}
,"C:\\Users\\HYPE AMD\\Documents\\PKL_Polda_2026\\SIGAP-PKL Polda Kalsel3213\\SIGAP-PKL Polda Kalsel\\backend\\src\\services\\notificationService.ts": {"path":"C:\\Users\\HYPE AMD\\Documents\\PKL_Polda_2026\\SIGAP-PKL Polda Kalsel3213\\SIGAP-PKL Polda Kalsel\\backend\\src\\services\\notificationService.ts","statementMap":{"0":{"start":{"line":37,"column":0},"end":{"line":37,"column":7}},"1":{"start":{"line":74,"column":0},"end":{"line":74,"column":7}},"2":{"start":{"line":117,"column":0},"end":{"line":117,"column":7}},"3":{"start":{"line":141,"column":0},"end":{"line":141,"column":7}},"4":{"start":{"line":154,"column":0},"end":{"line":154,"column":7}},"5":{"start":{"line":175,"column":0},"end":{"line":175,"column":7}},"6":{"start":{"line":1,"column":0},"end":{"line":1,"column":39}},"7":{"start":{"line":3,"column":0},"end":{"line":3,"column":45}},"8":{"start":{"line":4,"column":0},"end":{"line":4,"column":38}},"9":{"start":{"line":38,"column":23},"end":{"line":45,"column":4}},"10":{"start":{"line":48,"column":2},"end":{"line":63,"column":3}},"11":{"start":{"line":49,"column":15},"end":{"line":49,"column":22}},"12":{"start":{"line":50,"column":4},"end":{"line":59,"column":5}},"13":{"start":{"line":51,"column":6},"end":{"line":58,"column":9}},"14":{"start":{"line":65,"column":2},"end":{"line":65,"column":22}},"15":{"start":{"line":78,"column":19},"end":{"line":78,"column":21}},"16":{"start":{"line":79,"column":22},"end":{"line":79,"column":41}},"17":{"start":{"line":80,"column":15},"end":{"line":80,"column":43}},"18":{"start":{"line":82,"column":42},"end":{"line":95,"column":4}},"19":{"start":{"line":97,"column":21},"end":{"line":97,"column":53}},"20":{"start":{"line":99,"column":2},"end":{"line":108,"column":4}},"21":{"start":{"line":118,"column":23},"end":{"line":120,"column":4}},"22":{"start":{"line":122,"column":2},"end":{"line":124,"column":3}},"23":{"start":{"line":123,"column":4},"end":{"line":123,"column":71}},"24":{"start":{"line":126,"column":2},"end":{"line":128,"column":3}},"25":{"start":{"line":127,"column":4},"end":{"line":127,"column":88}},"26":{"start":{"line":130,"column":2},"end":{"line":133,"column":5}},"27":{"start":{"line":142,"column":2},"end":{"line":145,"column":5}},"28":{"start":{"line":155,"column":23},"end":{"line":157,"column":4}},"29":{"start":{"line":159,"column":2},"end":{"line":161,"column":3}},"30":{"start":{"line":160,"column":4},"end":{"line":160,"column":71}},"31":{"start":{"line":163,"column":2},"end":{"line":165,"column":3}},"32":{"start":{"line":164,"column":4},"end":{"line":164,"column":88}},"33":{"start":{"line":167,"column":2},"end":{"line":169,"column":5}},"34":{"start":{"line":176,"column":2},"end":{"line":178,"column":5}}},"fnMap":{"0":{"name":"create","decl":{"start":{"line":37,"column":22},"end":{"line":37,"column":28}},"loc":{"start":{"line":37,"column":56},"end":{"line":66,"column":1}}},"1":{"name":"getByUser","decl":{"start":{"line":74,"column":22},"end":{"line":74,"column":31}},"loc":{"start":{"line":76,"column":18},"end":{"line":109,"column":1}}},"2":{"name":"markAsRead","decl":{"start":{"line":117,"column":22},"end":{"line":117,"column":32}},"loc":{"start":{"line":117,"column":71},"end":{"line":134,"column":1}}},"3":{"name":"markAllAsRead","decl":{"start":{"line":141,"column":22},"end":{"line":141,"column":35}},"loc":{"start":{"line":141,"column":50},"end":{"line":146,"column":1}}},"4":{"name":"deleteNotification","decl":{"start":{"line":154,"column":22},"end":{"line":154,"column":40}},"loc":{"start":{"line":154,"column":79},"end":{"line":170,"column":1}}},"5":{"name":"getUnreadCount","decl":{"start":{"line":175,"column":22},"end":{"line":175,"column":36}},"loc":{"start":{"line":175,"column":51},"end":{"line":179,"column":1}}}},"branchMap":{"0":{"loc":{"start":{"line":50,"column":4},"end":{"line":59,"column":5}},"type":"if","locations":[{"start":{"line":50,"column":4},"end":{"line":59,"column":5}}]},"1":{"loc":{"start":{"line":76,"column":2},"end":{"line":76,"column":18}},"type":"default-arg","locations":[{"start":{"line":76,"column":17},"end":{"line":76,"column":18}}]},"2":{"loc":{"start":{"line":79,"column":22},"end":{"line":79,"column":41}},"type":"cond-expr","locations":[{"start":{"line":79,"column":33},"end":{"line":79,"column":37}},{"start":{"line":79,"column":40},"end":{"line":79,"column":41}}]},"3":{"loc":{"start":{"line":122,"column":2},"end":{"line":124,"column":3}},"type":"if","locations":[{"start":{"line":122,"column":2},"end":{"line":124,"column":3}}]},"4":{"loc":{"start":{"line":126,"column":2},"end":{"line":128,"column":3}},"type":"if","locations":[{"start":{"line":126,"column":2},"end":{"line":128,"column":3}}]},"5":{"loc":{"start":{"line":159,"column":2},"end":{"line":161,"column":3}},"type":"if","locations":[{"start":{"line":159,"column":2},"end":{"line":161,"column":3}}]},"6":{"loc":{"start":{"line":163,"column":2},"end":{"line":165,"column":3}},"type":"if","locations":[{"start":{"line":163,"column":2},"end":{"line":165,"column":3}}]}},"s":{"0":2,"1":2,"2":2,"3":2,"4":2,"5":2,"6":2,"7":2,"8":2,"9":1,"10":1,"11":1,"12":1,"13":1,"14":1,"15":0,"16":0,"17":0,"18":0,"19":0,"20":0,"21":160,"22":160,"23":0,"24":160,"25":80,"26":80,"27":0,"28":160,"29":160,"30":0,"31":160,"32":80,"33":80,"34":0},"f":{"0":1,"1":0,"2":160,"3":0,"4":160,"5":0},"b":{"0":[1],"1":[0],"2":[0,0],"3":[0],"4":[80],"5":[0],"6":[80]}}
,"C:\\Users\\HYPE AMD\\Documents\\PKL_Polda_2026\\SIGAP-PKL Polda Kalsel3213\\SIGAP-PKL Polda Kalsel\\backend\\src\\services\\reportService.ts": {"path":"C:\\Users\\HYPE AMD\\Documents\\PKL_Polda_2026\\SIGAP-PKL Polda Kalsel3213\\SIGAP-PKL Polda Kalsel\\backend\\src\\services\\reportService.ts","statementMap":{"0":{"start":{"line":62,"column":0},"end":{"line":62,"column":7}},"1":{"start":{"line":162,"column":0},"end":{"line":162,"column":7}},"2":{"start":{"line":302,"column":0},"end":{"line":302,"column":7}},"3":{"start":{"line":1,"column":0},"end":{"line":1,"column":39}},"4":{"start":{"line":3,"column":0},"end":{"line":3,"column":33}},"5":{"start":{"line":4,"column":0},"end":{"line":4,"column":30}},"6":{"start":{"line":63,"column":35},"end":{"line":63,"column":41}},"7":{"start":{"line":66,"column":20},"end":{"line":66,"column":48}},"8":{"start":{"line":67,"column":18},"end":{"line":67,"column":42}},"9":{"start":{"line":70,"column":41},"end":{"line":75,"column":4}},"10":{"start":{"line":78,"column":2},"end":{"line":80,"column":3}},"11":{"start":{"line":79,"column":4},"end":{"line":79,"column":28}},"12":{"start":{"line":83,"column":18},"end":{"line":99,"column":4}},"13":{"start":{"line":102,"column":43},"end":{"line":115,"column":5}},"14":{"start":{"line":102,"column":68},"end":{"line":115,"column":4}},"15":{"start":{"line":118,"column":18},"end":{"line":118,"column":49}},"16":{"start":{"line":120,"column":2},"end":{"line":123,"column":4}},"17":{"start":{"line":129,"column":16},"end":{"line":129,"column":30}},"18":{"start":{"line":130,"column":18},"end":{"line":130,"column":70}},"19":{"start":{"line":130,"column":40},"end":{"line":130,"column":62}},"20":{"start":{"line":131,"column":17},"end":{"line":131,"column":68}},"21":{"start":{"line":131,"column":39},"end":{"line":131,"column":60}},"22":{"start":{"line":132,"column":18},"end":{"line":132,"column":70}},"23":{"start":{"line":132,"column":40},"end":{"line":132,"column":62}},"24":{"start":{"line":133,"column":21},"end":{"line":133,"column":76}},"25":{"start":{"line":133,"column":43},"end":{"line":133,"column":68}},"26":{"start":{"line":136,"column":23},"end":{"line":136,"column":63}},"27":{"start":{"line":136,"column":45},"end":{"line":136,"column":62}},"28":{"start":{"line":137,"column":37},"end":{"line":137,"column":41}},"29":{"start":{"line":139,"column":2},"end":{"line":142,"column":3}},"30":{"start":{"line":140,"column":16},"end":{"line":140,"column":75}},"31":{"start":{"line":140,"column":48},"end":{"line":140,"column":71}},"32":{"start":{"line":141,"column":4},"end":{"line":141,"column":70}},"33":{"start":{"line":144,"column":2},"end":{"line":151,"column":4}},"34":{"start":{"line":163,"column":21},"end":{"line":163,"column":51}},"35":{"start":{"line":165,"column":2},"end":{"line":291,"column":5}},"36":{"start":{"line":166,"column":4},"end":{"line":290,"column":5}},"37":{"start":{"line":167,"column":18},"end":{"line":171,"column":8}},"38":{"start":{"line":173,"column":31},"end":{"line":173,"column":33}},"39":{"start":{"line":174,"column":6},"end":{"line":174,"column":60}},"40":{"start":{"line":174,"column":40},"end":{"line":174,"column":58}},"41":{"start":{"line":175,"column":6},"end":{"line":175,"column":58}},"42":{"start":{"line":175,"column":26},"end":{"line":175,"column":56}},"43":{"start":{"line":176,"column":6},"end":{"line":176,"column":30}},"44":{"start":{"line":178,"column":30},"end":{"line":178,"column":36}},"45":{"start":{"line":179,"column":25},"end":{"line":182,"column":8}},"46":{"start":{"line":185,"column":6},"end":{"line":186,"column":89}},"47":{"start":{"line":187,"column":6},"end":{"line":187,"column":24}},"48":{"start":{"line":189,"column":6},"end":{"line":193,"column":7}},"49":{"start":{"line":190,"column":8},"end":{"line":191,"column":80}},"50":{"start":{"line":192,"column":8},"end":{"line":192,"column":26}},"51":{"start":{"line":196,"column":6},"end":{"line":196,"column":65}},"52":{"start":{"line":197,"column":6},"end":{"line":197,"column":24}},"53":{"start":{"line":198,"column":6},"end":{"line":198,"column":41}},"54":{"start":{"line":199,"column":6},"end":{"line":199,"column":59}},"55":{"start":{"line":200,"column":6},"end":{"line":200,"column":57}},"56":{"start":{"line":201,"column":6},"end":{"line":201,"column":55}},"57":{"start":{"line":202,"column":6},"end":{"line":202,"column":57}},"58":{"start":{"line":203,"column":6},"end":{"line":203,"column":63}},"59":{"start":{"line":204,"column":6},"end":{"line":204,"column":133}},"60":{"start":{"line":205,"column":6},"end":{"line":205,"column":22}},"61":{"start":{"line":208,"column":6},"end":{"line":285,"column":7}},"62":{"start":{"line":209,"column":8},"end":{"line":210,"column":74}},"63":{"start":{"line":213,"column":24},"end":{"line":225,"column":10}},"64":{"start":{"line":227,"column":23},"end":{"line":227,"column":28}},"65":{"start":{"line":228,"column":23},"end":{"line":228,"column":28}},"66":{"start":{"line":229,"column":26},"end":{"line":229,"column":28}},"67":{"start":{"line":232,"column":8},"end":{"line":232,"column":47}},"68":{"start":{"line":233,"column":19},"end":{"line":233,"column":25}},"69":{"start":{"line":234,"column":8},"end":{"line":241,"column":11}},"70":{"start":{"line":235,"column":10},"end":{"line":239,"column":13}},"71":{"start":{"line":240,"column":10},"end":{"line":240,"column":28}},"72":{"start":{"line":243,"column":8},"end":{"line":243,"column":30}},"73":{"start":{"line":246,"column":8},"end":{"line":248,"column":20}},"74":{"start":{"line":247,"column":54},"end":{"line":247,"column":67}},"75":{"start":{"line":251,"column":8},"end":{"line":251,"column":42}},"76":{"start":{"line":252,"column":8},"end":{"line":284,"column":9}},"77":{"start":{"line":254,"column":10},"end":{"line":257,"column":11}},"78":{"start":{"line":255,"column":12},"end":{"line":255,"column":26}},"79":{"start":{"line":256,"column":12},"end":{"line":256,"column":26}},"80":{"start":{"line":259,"column":10},"end":{"line":259,"column":24}},"81":{"start":{"line":260,"column":26},"end":{"line":272,"column":12}},"82":{"start":{"line":274,"column":10},"end":{"line":281,"column":13}},"83":{"start":{"line":275,"column":12},"end":{"line":279,"column":15}},"84":{"start":{"line":280,"column":12},"end":{"line":280,"column":37}},"85":{"start":{"line":283,"column":10},"end":{"line":283,"column":32}},"86":{"start":{"line":287,"column":6},"end":{"line":287,"column":16}},"87":{"start":{"line":289,"column":6},"end":{"line":289,"column":20}},"88":{"start":{"line":303,"column":21},"end":{"line":303,"column":51}},"89":{"start":{"line":305,"column":26},"end":{"line":305,"column":32}},"90":{"start":{"line":306,"column":21},"end":{"line":309,"column":4}},"91":{"start":{"line":311,"column":19},"end":{"line":311,"column":41}},"92":{"start":{"line":312,"column":2},"end":{"line":312,"column":29}},"93":{"start":{"line":313,"column":2},"end":{"line":313,"column":32}},"94":{"start":{"line":316,"column":20},"end":{"line":316,"column":52}},"95":{"start":{"line":319,"column":2},"end":{"line":319,"column":32}},"96":{"start":{"line":320,"column":20},"end":{"line":320,"column":43}},"97":{"start":{"line":321,"column":2},"end":{"line":321,"column":73}},"98":{"start":{"line":322,"column":2},"end":{"line":322,"column":44}},"99":{"start":{"line":323,"column":2},"end":{"line":323,"column":49}},"100":{"start":{"line":326,"column":2},"end":{"line":326,"column":23}},"101":{"start":{"line":329,"column":18},"end":{"line":341,"column":4}},"102":{"start":{"line":343,"column":20},"end":{"line":343,"column":45}},"103":{"start":{"line":344,"column":2},"end":{"line":344,"column":34}},"104":{"start":{"line":345,"column":2},"end":{"line":359,"column":5}},"105":{"start":{"line":346,"column":4},"end":{"line":350,"column":6}},"106":{"start":{"line":351,"column":4},"end":{"line":351,"column":60}},"107":{"start":{"line":352,"column":4},"end":{"line":352,"column":66}},"108":{"start":{"line":353,"column":4},"end":{"line":358,"column":6}},"109":{"start":{"line":362,"column":2},"end":{"line":374,"column":4}},"110":{"start":{"line":377,"column":2},"end":{"line":400,"column":3}},"111":{"start":{"line":378,"column":16},"end":{"line":390,"column":6}},"112":{"start":{"line":392,"column":4},"end":{"line":399,"column":7}},"113":{"start":{"line":393,"column":6},"end":{"line":398,"column":8}},"114":{"start":{"line":404,"column":2},"end":{"line":404,"column":23}},"115":{"start":{"line":405,"column":2},"end":{"line":405,"column":23}},"116":{"start":{"line":408,"column":27},"end":{"line":408,"column":58}},"117":{"start":{"line":409,"column":2},"end":{"line":409,"column":51}},"118":{"start":{"line":411,"column":2},"end":{"line":411,"column":62}},"119":{"start":{"line":412,"column":2},"end":{"line":412,"column":60}},"120":{"start":{"line":413,"column":2},"end":{"line":413,"column":58}},"121":{"start":{"line":414,"column":2},"end":{"line":414,"column":60}},"122":{"start":{"line":415,"column":2},"end":{"line":415,"column":66}},"123":{"start":{"line":416,"column":2},"end":{"line":421,"column":5}},"124":{"start":{"line":424,"column":17},"end":{"line":424,"column":50}},"125":{"start":{"line":425,"column":2},"end":{"line":425,"column":29}},"126":{"start":{"line":431,"column":12},"end":{"line":431,"column":26}},"127":{"start":{"line":432,"column":14},"end":{"line":432,"column":50}},"128":{"start":{"line":433,"column":16},"end":{"line":433,"column":57}},"129":{"start":{"line":434,"column":15},"end":{"line":434,"column":30}},"130":{"start":{"line":435,"column":2},"end":{"line":435,"column":35}}},"fnMap":{"0":{"name":"getMonthlyReport","decl":{"start":{"line":62,"column":22},"end":{"line":62,"column":38}},"loc":{"start":{"line":62,"column":59},"end":{"line":124,"column":1}}},"1":{"name":"(anonymous_2)","decl":{"start":{"line":102,"column":55},"end":{"line":102,"column":56}},"loc":{"start":{"line":102,"column":68},"end":{"line":115,"column":4}}},"2":{"name":"calculateSummary","decl":{"start":{"line":128,"column":9},"end":{"line":128,"column":25}},"loc":{"start":{"line":128,"column":52},"end":{"line":152,"column":1}}},"3":{"name":"(anonymous_4)","decl":{"start":{"line":130,"column":33},"end":{"line":130,"column":34}},"loc":{"start":{"line":130,"column":40},"end":{"line":130,"column":62}}},"4":{"name":"(anonymous_5)","decl":{"start":{"line":131,"column":32},"end":{"line":131,"column":33}},"loc":{"start":{"line":131,"column":39},"end":{"line":131,"column":60}}},"5":{"name":"(anonymous_6)","decl":{"start":{"line":132,"column":33},"end":{"line":132,"column":34}},"loc":{"start":{"line":132,"column":40},"end":{"line":132,"column":62}}},"6":{"name":"(anonymous_7)","decl":{"start":{"line":133,"column":36},"end":{"line":133,"column":37}},"loc":{"start":{"line":133,"column":43},"end":{"line":133,"column":68}}},"7":{"name":"(anonymous_8)","decl":{"start":{"line":136,"column":38},"end":{"line":136,"column":39}},"loc":{"start":{"line":136,"column":45},"end":{"line":136,"column":62}}},"8":{"name":"(anonymous_9)","decl":{"start":{"line":140,"column":36},"end":{"line":140,"column":37}},"loc":{"start":{"line":140,"column":48},"end":{"line":140,"column":71}}},"9":{"name":"exportPDF","decl":{"start":{"line":162,"column":22},"end":{"line":162,"column":31}},"loc":{"start":{"line":162,"column":52},"end":{"line":292,"column":1}}},"10":{"name":"(anonymous_11)","decl":{"start":{"line":165,"column":29},"end":{"line":165,"column":30}},"loc":{"start":{"line":165,"column":49},"end":{"line":291,"column":3}}},"11":{"name":"(anonymous_12)","decl":{"start":{"line":174,"column":21},"end":{"line":174,"column":22}},"loc":{"start":{"line":174,"column":40},"end":{"line":174,"column":58}}},"12":{"name":"(anonymous_13)","decl":{"start":{"line":175,"column":20},"end":{"line":175,"column":23}},"loc":{"start":{"line":175,"column":26},"end":{"line":175,"column":56}}},"13":{"name":"(anonymous_14)","decl":{"start":{"line":234,"column":24},"end":{"line":234,"column":25}},"loc":{"start":{"line":234,"column":32},"end":{"line":241,"column":9}}},"14":{"name":"(anonymous_15)","decl":{"start":{"line":247,"column":42},"end":{"line":247,"column":43}},"loc":{"start":{"line":247,"column":54},"end":{"line":247,"column":67}}},"15":{"name":"(anonymous_16)","decl":{"start":{"line":274,"column":26},"end":{"line":274,"column":27}},"loc":{"start":{"line":274,"column":38},"end":{"line":281,"column":11}}},"16":{"name":"exportExcel","decl":{"start":{"line":302,"column":22},"end":{"line":302,"column":33}},"loc":{"start":{"line":302,"column":54},"end":{"line":426,"column":1}}},"17":{"name":"(anonymous_18)","decl":{"start":{"line":345,"column":21},"end":{"line":345,"column":22}},"loc":{"start":{"line":345,"column":30},"end":{"line":359,"column":3}}},"18":{"name":"(anonymous_19)","decl":{"start":{"line":392,"column":17},"end":{"line":392,"column":18}},"loc":{"start":{"line":392,"column":26},"end":{"line":399,"column":5}}},"19":{"name":"formatDate","decl":{"start":{"line":430,"column":9},"end":{"line":430,"column":19}},"loc":{"start":{"line":430,"column":30},"end":{"line":436,"column":1}}}},"branchMap":{"0":{"loc":{"start":{"line":78,"column":2},"end":{"line":80,"column":3}},"type":"if","locations":[{"start":{"line":78,"column":2},"end":{"line":80,"column":3}}]},"1":{"loc":{"start":{"line":112,"column":12},"end":{"line":114,"column":12}},"type":"cond-expr","locations":[{"start":{"line":113,"column":8},"end":{"line":113,"column":76}},{"start":{"line":114,"column":8},"end":{"line":114,"column":12}}]},"2":{"loc":{"start":{"line":139,"column":2},"end":{"line":142,"column":3}},"type":"if","locations":[{"start":{"line":139,"column":2},"end":{"line":142,"column":3}}]},"3":{"loc":{"start":{"line":189,"column":6},"end":{"line":193,"column":7}},"type":"if","locations":[{"start":{"line":189,"column":6},"end":{"line":193,"column":7}}]},"4":{"loc":{"start":{"line":204,"column":36},"end":{"line":204,"column":129}},"type":"cond-expr","locations":[{"start":{"line":204,"column":80},"end":{"line":204,"column":123}},{"start":{"line":204,"column":126},"end":{"line":204,"column":129}}]},"5":{"loc":{"start":{"line":208,"column":6},"end":{"line":285,"column":7}},"type":"if","locations":[{"start":{"line":208,"column":6},"end":{"line":285,"column":7}},{"start":{"line":211,"column":13},"end":{"line":285,"column":7}}]},"6":{"loc":{"start":{"line":254,"column":10},"end":{"line":257,"column":11}},"type":"if","locations":[{"start":{"line":254,"column":10},"end":{"line":257,"column":11}}]},"7":{"loc":{"start":{"line":264,"column":12},"end":{"line":264,"column":38}},"type":"binary-expr","locations":[{"start":{"line":264,"column":12},"end":{"line":264,"column":31}},{"start":{"line":264,"column":35},"end":{"line":264,"column":38}}]},"8":{"loc":{"start":{"line":267,"column":12},"end":{"line":267,"column":73}},"type":"cond-expr","locations":[{"start":{"line":267,"column":35},"end":{"line":267,"column":67}},{"start":{"line":267,"column":70},"end":{"line":267,"column":73}}]},"9":{"loc":{"start":{"line":268,"column":12},"end":{"line":268,"column":75}},"type":"cond-expr","locations":[{"start":{"line":268,"column":36},"end":{"line":268,"column":69}},{"start":{"line":268,"column":72},"end":{"line":268,"column":75}}]},"10":{"loc":{"start":{"line":270,"column":12},"end":{"line":270,"column":63}},"type":"cond-expr","locations":[{"start":{"line":270,"column":28},"end":{"line":270,"column":57}},{"start":{"line":270,"column":60},"end":{"line":270,"column":63}}]},"11":{"loc":{"start":{"line":271,"column":12},"end":{"line":271,"column":56}},"type":"cond-expr","locations":[{"start":{"line":271,"column":28},"end":{"line":271,"column":50}},{"start":{"line":271,"column":53},"end":{"line":271,"column":56}}]},"12":{"loc":{"start":{"line":382,"column":6},"end":{"line":382,"column":32}},"type":"binary-expr","locations":[{"start":{"line":382,"column":6},"end":{"line":382,"column":25}},{"start":{"line":382,"column":29},"end":{"line":382,"column":32}}]},"13":{"loc":{"start":{"line":385,"column":6},"end":{"line":385,"column":67}},"type":"cond-expr","locations":[{"start":{"line":385,"column":29},"end":{"line":385,"column":61}},{"start":{"line":385,"column":64},"end":{"line":385,"column":67}}]},"14":{"loc":{"start":{"line":386,"column":6},"end":{"line":386,"column":69}},"type":"cond-expr","locations":[{"start":{"line":386,"column":30},"end":{"line":386,"column":63}},{"start":{"line":386,"column":66},"end":{"line":386,"column":69}}]},"15":{"loc":{"start":{"line":388,"column":6},"end":{"line":388,"column":49}},"type":"cond-expr","locations":[{"start":{"line":388,"column":22},"end":{"line":388,"column":43}},{"start":{"line":388,"column":46},"end":{"line":388,"column":49}}]},"16":{"loc":{"start":{"line":389,"column":6},"end":{"line":389,"column":50}},"type":"cond-expr","locations":[{"start":{"line":389,"column":22},"end":{"line":389,"column":44}},{"start":{"line":389,"column":47},"end":{"line":389,"column":50}}]},"17":{"loc":{"start":{"line":418,"column":4},"end":{"line":420,"column":11}},"type":"cond-expr","locations":[{"start":{"line":419,"column":8},"end":{"line":419,"column":51}},{"start":{"line":420,"column":8},"end":{"line":420,"column":11}}]}},"s":{"0":1,"1":1,"2":1,"3":1,"4":1,"5":1,"6":2,"7":2,"8":2,"9":2,"10":2,"11":0,"12":2,"13":2,"14":2,"15":2,"16":2,"17":2,"18":2,"19":2,"20":2,"21":2,"22":2,"23":2,"24":2,"25":2,"26":2,"27":2,"28":2,"29":2,"30":2,"31":2,"32":2,"33":2,"34":1,"35":1,"36":1,"37":1,"38":1,"39":1,"40":65,"41":1,"42":1,"43":1,"44":1,"45":1,"46":1,"47":1,"48":1,"49":0,"50":0,"51":1,"52":1,"53":1,"54":1,"55":1,"56":1,"57":1,"58":1,"59":1,"60":1,"61":1,"62":0,"63":1,"64":1,"65":1,"66":1,"67":1,"68":1,"69":1,"70":11,"71":11,"72":1,"73":1,"74":11,"75":1,"76":1,"77":1,"78":0,"79":0,"80":1,"81":1,"82":1,"83":11,"84":11,"85":1,"86":1,"87":0,"88":1,"89":1,"90":1,"91":1,"92":1,"93":1,"94":1,"95":1,"96":1,"97":1,"98":1,"99":1,"100":1,"101":1,"102":1,"103":1,"104":1,"105":11,"106":11,"107":11,"108":11,"109":1,"110":1,"111":1,"112":1,"113":11,"114":1,"115":1,"116":1,"117":1,"118":1,"119":1,"120":1,"121":1,"122":1,"123":1,"124":1,"125":1,"126":6,"127":6,"128":6,"129":6,"130":6},"f":{"0":2,"1":2,"2":2,"3":2,"4":2,"5":2,"6":2,"7":2,"8":2,"9":1,"10":1,"11":65,"12":1,"13":11,"14":11,"15":11,"16":1,"17":11,"18":11,"19":6},"b":{"0":[0],"1":[2,0],"2":[2],"3":[0],"4":[1,0],"5":[0,1],"6":[0],"7":[1,0],"8":[1,0],"9":[1,0],"10":[1,0],"11":[1,0],"12":[1,0],"13":[1,0],"14":[1,0],"15":[1,0],"16":[1,0],"17":[1,0]}}
,"C:\\Users\\HYPE AMD\\Documents\\PKL_Polda_2026\\SIGAP-PKL Polda Kalsel3213\\SIGAP-PKL Polda Kalsel\\backend\\src\\services\\ticketService.ts": {"path":"C:\\Users\\HYPE AMD\\Documents\\PKL_Polda_2026\\SIGAP-PKL Polda Kalsel3213\\SIGAP-PKL Polda Kalsel\\backend\\src\\services\\ticketService.ts","statementMap":{"0":{"start":{"line":61,"column":0},"end":{"line":61,"column":7}},"1":{"start":{"line":199,"column":0},"end":{"line":199,"column":7}},"2":{"start":{"line":294,"column":0},"end":{"line":294,"column":7}},"3":{"start":{"line":375,"column":0},"end":{"line":375,"column":7}},"4":{"start":{"line":451,"column":0},"end":{"line":451,"column":7}},"5":{"start":{"line":553,"column":0},"end":{"line":553,"column":7}},"6":{"start":{"line":655,"column":0},"end":{"line":655,"column":7}},"7":{"start":{"line":783,"column":0},"end":{"line":783,"column":7}},"8":{"start":{"line":895,"column":0},"end":{"line":895,"column":7}},"9":{"start":{"line":1051,"column":0},"end":{"line":1051,"column":7}},"10":{"start":{"line":1,"column":0},"end":{"line":1,"column":39}},"11":{"start":{"line":9,"column":0},"end":{"line":9,"column":45}},"12":{"start":{"line":10,"column":0},"end":{"line":10,"column":61}},"13":{"start":{"line":11,"column":0},"end":{"line":11,"column":61}},"14":{"start":{"line":12,"column":0},"end":{"line":12,"column":47}},"15":{"start":{"line":13,"column":0},"end":{"line":13,"column":61}},"16":{"start":{"line":67,"column":15},"end":{"line":69,"column":4}},"17":{"start":{"line":71,"column":2},"end":{"line":73,"column":3}},"18":{"start":{"line":72,"column":4},"end":{"line":72,"column":70}},"19":{"start":{"line":75,"column":2},"end":{"line":81,"column":3}},"20":{"start":{"line":76,"column":4},"end":{"line":80,"column":6}},"21":{"start":{"line":84,"column":23},"end":{"line":90,"column":4}},"22":{"start":{"line":92,"column":2},"end":{"line":98,"column":3}},"23":{"start":{"line":93,"column":4},"end":{"line":97,"column":6}},"24":{"start":{"line":101,"column":21},"end":{"line":101,"column":55}},"25":{"start":{"line":104,"column":17},"end":{"line":115,"column":4}},"26":{"start":{"line":124,"column":7},"end":{"line":124,"column":9}},"27":{"start":{"line":126,"column":2},"end":{"line":150,"column":3}},"28":{"start":{"line":127,"column":27},"end":{"line":133,"column":7}},"29":{"start":{"line":127,"column":48},"end":{"line":133,"column":6}},"30":{"start":{"line":135,"column":4},"end":{"line":137,"column":7}},"31":{"start":{"line":140,"column":4},"end":{"line":149,"column":7}},"32":{"start":{"line":153,"column":2},"end":{"line":163,"column":5}},"33":{"start":{"line":166,"column":2},"end":{"line":184,"column":3}},"34":{"start":{"line":167,"column":27},"end":{"line":170,"column":6}},"35":{"start":{"line":172,"column":4},"end":{"line":181,"column":6}},"36":{"start":{"line":174,"column":8},"end":{"line":179,"column":10}},"37":{"start":{"line":186,"column":2},"end":{"line":189,"column":4}},"38":{"start":{"line":204,"column":15},"end":{"line":204,"column":75}},"39":{"start":{"line":205,"column":19},"end":{"line":205,"column":92}},"40":{"start":{"line":206,"column":15},"end":{"line":206,"column":36}},"41":{"start":{"line":209,"column":41},"end":{"line":211,"column":4}},"42":{"start":{"line":213,"column":2},"end":{"line":215,"column":3}},"43":{"start":{"line":214,"column":4},"end":{"line":214,"column":34}},"44":{"start":{"line":217,"column":2},"end":{"line":222,"column":3}},"45":{"start":{"line":218,"column":4},"end":{"line":221,"column":6}},"46":{"start":{"line":224,"column":2},"end":{"line":232,"column":3}},"47":{"start":{"line":225,"column":4},"end":{"line":225,"column":27}},"48":{"start":{"line":226,"column":4},"end":{"line":226,"column":79}},"49":{"start":{"line":226,"column":27},"end":{"line":226,"column":79}},"50":{"start":{"line":227,"column":4},"end":{"line":231,"column":5}},"51":{"start":{"line":228,"column":18},"end":{"line":228,"column":43}},"52":{"start":{"line":229,"column":6},"end":{"line":229,"column":36}},"53":{"start":{"line":230,"column":6},"end":{"line":230,"column":34}},"54":{"start":{"line":235,"column":2},"end":{"line":240,"column":3}},"55":{"start":{"line":236,"column":4},"end":{"line":239,"column":6}},"56":{"start":{"line":242,"column":2},"end":{"line":245,"column":3}},"57":{"start":{"line":243,"column":4},"end":{"line":243,"column":29}},"58":{"start":{"line":244,"column":4},"end":{"line":244,"column":24}},"59":{"start":{"line":247,"column":29},"end":{"line":272,"column":4}},"60":{"start":{"line":274,"column":21},"end":{"line":274,"column":53}},"61":{"start":{"line":276,"column":2},"end":{"line":284,"column":4}},"62":{"start":{"line":298,"column":15},"end":{"line":298,"column":75}},"63":{"start":{"line":299,"column":19},"end":{"line":299,"column":92}},"64":{"start":{"line":300,"column":15},"end":{"line":300,"column":36}},"65":{"start":{"line":302,"column":41},"end":{"line":302,"column":43}},"66":{"start":{"line":304,"column":2},"end":{"line":306,"column":3}},"67":{"start":{"line":305,"column":4},"end":{"line":305,"column":34}},"68":{"start":{"line":308,"column":2},"end":{"line":313,"column":3}},"69":{"start":{"line":309,"column":4},"end":{"line":312,"column":6}},"70":{"start":{"line":315,"column":2},"end":{"line":323,"column":3}},"71":{"start":{"line":316,"column":4},"end":{"line":316,"column":27}},"72":{"start":{"line":317,"column":4},"end":{"line":317,"column":79}},"73":{"start":{"line":317,"column":27},"end":{"line":317,"column":79}},"74":{"start":{"line":318,"column":4},"end":{"line":322,"column":5}},"75":{"start":{"line":319,"column":18},"end":{"line":319,"column":43}},"76":{"start":{"line":320,"column":6},"end":{"line":320,"column":36}},"77":{"start":{"line":321,"column":6},"end":{"line":321,"column":34}},"78":{"start":{"line":325,"column":29},"end":{"line":354,"column":4}},"79":{"start":{"line":356,"column":21},"end":{"line":356,"column":53}},"80":{"start":{"line":358,"column":2},"end":{"line":366,"column":4}},"81":{"start":{"line":380,"column":15},"end":{"line":380,"column":75}},"82":{"start":{"line":381,"column":19},"end":{"line":381,"column":92}},"83":{"start":{"line":382,"column":15},"end":{"line":382,"column":36}},"84":{"start":{"line":384,"column":41},"end":{"line":384,"column":52}},"85":{"start":{"line":386,"column":2},"end":{"line":388,"column":3}},"86":{"start":{"line":387,"column":4},"end":{"line":387,"column":34}},"87":{"start":{"line":390,"column":2},"end":{"line":395,"column":3}},"88":{"start":{"line":391,"column":4},"end":{"line":394,"column":6}},"89":{"start":{"line":397,"column":2},"end":{"line":405,"column":3}},"90":{"start":{"line":398,"column":4},"end":{"line":398,"column":27}},"91":{"start":{"line":399,"column":4},"end":{"line":399,"column":79}},"92":{"start":{"line":399,"column":27},"end":{"line":399,"column":79}},"93":{"start":{"line":400,"column":4},"end":{"line":404,"column":5}},"94":{"start":{"line":401,"column":18},"end":{"line":401,"column":43}},"95":{"start":{"line":402,"column":6},"end":{"line":402,"column":36}},"96":{"start":{"line":403,"column":6},"end":{"line":403,"column":34}},"97":{"start":{"line":407,"column":29},"end":{"line":430,"column":4}},"98":{"start":{"line":432,"column":21},"end":{"line":432,"column":53}},"99":{"start":{"line":434,"column":2},"end":{"line":442,"column":4}},"100":{"start":{"line":456,"column":15},"end":{"line":456,"column":75}},"101":{"start":{"line":457,"column":19},"end":{"line":457,"column":92}},"102":{"start":{"line":460,"column":18},"end":{"line":463,"column":4}},"103":{"start":{"line":465,"column":2},"end":{"line":476,"column":3}},"104":{"start":{"line":467,"column":4},"end":{"line":475,"column":6}},"105":{"start":{"line":478,"column":15},"end":{"line":478,"column":36}},"106":{"start":{"line":479,"column":41},"end":{"line":479,"column":69}},"107":{"start":{"line":481,"column":2},"end":{"line":483,"column":3}},"108":{"start":{"line":482,"column":4},"end":{"line":482,"column":34}},"109":{"start":{"line":485,"column":2},"end":{"line":490,"column":3}},"110":{"start":{"line":486,"column":4},"end":{"line":489,"column":6}},"111":{"start":{"line":492,"column":2},"end":{"line":500,"column":3}},"112":{"start":{"line":493,"column":4},"end":{"line":493,"column":27}},"113":{"start":{"line":494,"column":4},"end":{"line":494,"column":79}},"114":{"start":{"line":494,"column":27},"end":{"line":494,"column":79}},"115":{"start":{"line":495,"column":4},"end":{"line":499,"column":5}},"116":{"start":{"line":496,"column":18},"end":{"line":496,"column":43}},"117":{"start":{"line":497,"column":6},"end":{"line":497,"column":36}},"118":{"start":{"line":498,"column":6},"end":{"line":498,"column":34}},"119":{"start":{"line":502,"column":29},"end":{"line":525,"column":4}},"120":{"start":{"line":527,"column":21},"end":{"line":527,"column":53}},"121":{"start":{"line":529,"column":2},"end":{"line":537,"column":4}},"122":{"start":{"line":558,"column":17},"end":{"line":595,"column":4}},"123":{"start":{"line":597,"column":2},"end":{"line":599,"column":3}},"124":{"start":{"line":598,"column":4},"end":{"line":598,"column":73}},"125":{"start":{"line":602,"column":2},"end":{"line":638,"column":3}},"126":{"start":{"line":604,"column":6},"end":{"line":606,"column":7}},"127":{"start":{"line":605,"column":8},"end":{"line":605,"column":87}},"128":{"start":{"line":607,"column":6},"end":{"line":607,"column":12}},"129":{"start":{"line":611,"column":6},"end":{"line":611,"column":12}},"130":{"start":{"line":614,"column":6},"end":{"line":616,"column":7}},"131":{"start":{"line":615,"column":8},"end":{"line":615,"column":87}},"132":{"start":{"line":617,"column":6},"end":{"line":617,"column":12}},"133":{"start":{"line":621,"column":22},"end":{"line":624,"column":8}},"134":{"start":{"line":626,"column":6},"end":{"line":628,"column":7}},"135":{"start":{"line":627,"column":8},"end":{"line":627,"column":91}},"136":{"start":{"line":630,"column":6},"end":{"line":632,"column":7}},"137":{"start":{"line":631,"column":8},"end":{"line":631,"column":87}},"138":{"start":{"line":633,"column":6},"end":{"line":633,"column":12}},"139":{"start":{"line":637,"column":6},"end":{"line":637,"column":66}},"140":{"start":{"line":640,"column":2},"end":{"line":640,"column":16}},"141":{"start":{"line":661,"column":17},"end":{"line":663,"column":4}},"142":{"start":{"line":665,"column":2},"end":{"line":667,"column":3}},"143":{"start":{"line":666,"column":4},"end":{"line":666,"column":73}},"144":{"start":{"line":669,"column":2},"end":{"line":675,"column":3}},"145":{"start":{"line":670,"column":4},"end":{"line":674,"column":6}},"146":{"start":{"line":678,"column":21},"end":{"line":680,"column":4}},"147":{"start":{"line":682,"column":2},"end":{"line":684,"column":3}},"148":{"start":{"line":683,"column":4},"end":{"line":683,"column":76}},"149":{"start":{"line":686,"column":2},"end":{"line":692,"column":3}},"150":{"start":{"line":687,"column":4},"end":{"line":691,"column":6}},"151":{"start":{"line":694,"column":2},"end":{"line":700,"column":3}},"152":{"start":{"line":695,"column":4},"end":{"line":699,"column":6}},"153":{"start":{"line":703,"column":14},"end":{"line":703,"column":24}},"154":{"start":{"line":704,"column":17},"end":{"line":714,"column":4}},"155":{"start":{"line":716,"column":2},"end":{"line":722,"column":3}},"156":{"start":{"line":717,"column":4},"end":{"line":721,"column":6}},"157":{"start":{"line":725,"column":24},"end":{"line":735,"column":4}},"158":{"start":{"line":738,"column":19},"end":{"line":741,"column":4}},"159":{"start":{"line":744,"column":2},"end":{"line":754,"column":5}},"160":{"start":{"line":757,"column":2},"end":{"line":766,"column":3}},"161":{"start":{"line":758,"column":4},"end":{"line":763,"column":7}},"162":{"start":{"line":768,"column":2},"end":{"line":768,"column":23}},"163":{"start":{"line":788,"column":17},"end":{"line":790,"column":4}},"164":{"start":{"line":792,"column":2},"end":{"line":794,"column":3}},"165":{"start":{"line":793,"column":4},"end":{"line":793,"column":73}},"166":{"start":{"line":796,"column":2},"end":{"line":802,"column":3}},"167":{"start":{"line":797,"column":4},"end":{"line":801,"column":6}},"168":{"start":{"line":805,"column":2},"end":{"line":811,"column":3}},"169":{"start":{"line":806,"column":4},"end":{"line":810,"column":6}},"170":{"start":{"line":814,"column":14},"end":{"line":814,"column":24}},"171":{"start":{"line":815,"column":17},"end":{"line":824,"column":4}},"172":{"start":{"line":826,"column":2},"end":{"line":832,"column":3}},"173":{"start":{"line":827,"column":4},"end":{"line":831,"column":6}},"174":{"start":{"line":835,"column":24},"end":{"line":845,"column":4}},"175":{"start":{"line":848,"column":16},"end":{"line":851,"column":4}},"176":{"start":{"line":854,"column":2},"end":{"line":862,"column":5}},"177":{"start":{"line":865,"column":2},"end":{"line":874,"column":3}},"178":{"start":{"line":866,"column":4},"end":{"line":871,"column":7}},"179":{"start":{"line":876,"column":2},"end":{"line":876,"column":23}},"180":{"start":{"line":902,"column":17},"end":{"line":904,"column":4}},"181":{"start":{"line":906,"column":2},"end":{"line":908,"column":3}},"182":{"start":{"line":907,"column":4},"end":{"line":907,"column":73}},"183":{"start":{"line":910,"column":2},"end":{"line":916,"column":3}},"184":{"start":{"line":911,"column":4},"end":{"line":915,"column":6}},"185":{"start":{"line":919,"column":2},"end":{"line":927,"column":3}},"186":{"start":{"line":920,"column":4},"end":{"line":926,"column":5}},"187":{"start":{"line":921,"column":6},"end":{"line":925,"column":8}},"188":{"start":{"line":931,"column":2},"end":{"line":937,"column":3}},"189":{"start":{"line":932,"column":4},"end":{"line":936,"column":6}},"190":{"start":{"line":940,"column":17},"end":{"line":949,"column":4}},"191":{"start":{"line":951,"column":2},"end":{"line":957,"column":3}},"192":{"start":{"line":952,"column":4},"end":{"line":956,"column":6}},"193":{"start":{"line":960,"column":24},"end":{"line":970,"column":4}},"194":{"start":{"line":973,"column":16},"end":{"line":976,"column":4}},"195":{"start":{"line":979,"column":2},"end":{"line":989,"column":5}},"196":{"start":{"line":992,"column":2},"end":{"line":1031,"column":3}},"197":{"start":{"line":994,"column":4},"end":{"line":1001,"column":5}},"198":{"start":{"line":995,"column":6},"end":{"line":1000,"column":9}},"199":{"start":{"line":1004,"column":4},"end":{"line":1011,"column":5}},"200":{"start":{"line":1005,"column":6},"end":{"line":1010,"column":9}},"201":{"start":{"line":1014,"column":27},"end":{"line":1017,"column":6}},"202":{"start":{"line":1019,"column":4},"end":{"line":1028,"column":6}},"203":{"start":{"line":1021,"column":8},"end":{"line":1026,"column":10}},"204":{"start":{"line":1033,"column":2},"end":{"line":1033,"column":23}},"205":{"start":{"line":1056,"column":17},"end":{"line":1056,"column":35}},"206":{"start":{"line":1057,"column":2},"end":{"line":1059,"column":3}},"207":{"start":{"line":1058,"column":4},"end":{"line":1058,"column":79}},"208":{"start":{"line":1062,"column":17},"end":{"line":1064,"column":4}},"209":{"start":{"line":1066,"column":2},"end":{"line":1068,"column":3}},"210":{"start":{"line":1067,"column":4},"end":{"line":1067,"column":73}},"211":{"start":{"line":1070,"column":2},"end":{"line":1076,"column":3}},"212":{"start":{"line":1071,"column":4},"end":{"line":1075,"column":6}},"213":{"start":{"line":1079,"column":17},"end":{"line":1088,"column":4}},"214":{"start":{"line":1090,"column":2},"end":{"line":1096,"column":3}},"215":{"start":{"line":1091,"column":4},"end":{"line":1095,"column":6}},"216":{"start":{"line":1099,"column":24},"end":{"line":1109,"column":4}},"217":{"start":{"line":1112,"column":16},"end":{"line":1115,"column":4}},"218":{"start":{"line":1118,"column":2},"end":{"line":1127,"column":5}},"219":{"start":{"line":1130,"column":2},"end":{"line":1139,"column":3}},"220":{"start":{"line":1131,"column":4},"end":{"line":1136,"column":7}},"221":{"start":{"line":1141,"column":2},"end":{"line":1141,"column":23}}},"fnMap":{"0":{"name":"create","decl":{"start":{"line":61,"column":22},"end":{"line":61,"column":28}},"loc":{"start":{"line":64,"column":31},"end":{"line":190,"column":1}}},"1":{"name":"(anonymous_10)","decl":{"start":{"line":127,"column":37},"end":{"line":127,"column":38}},"loc":{"start":{"line":127,"column":48},"end":{"line":133,"column":6}}},"2":{"name":"(anonymous_11)","decl":{"start":{"line":173,"column":25},"end":{"line":173,"column":26}},"loc":{"start":{"line":174,"column":8},"end":{"line":179,"column":10}}},"3":{"name":"listForSatker","decl":{"start":{"line":199,"column":22},"end":{"line":199,"column":35}},"loc":{"start":{"line":202,"column":25},"end":{"line":285,"column":1}}},"4":{"name":"listForBidtekkom","decl":{"start":{"line":294,"column":22},"end":{"line":294,"column":38}},"loc":{"start":{"line":296,"column":25},"end":{"line":367,"column":1}}},"5":{"name":"listForPadal","decl":{"start":{"line":375,"column":22},"end":{"line":375,"column":34}},"loc":{"start":{"line":378,"column":25},"end":{"line":443,"column":1}}},"6":{"name":"listForTeknisi","decl":{"start":{"line":451,"column":22},"end":{"line":451,"column":36}},"loc":{"start":{"line":454,"column":25},"end":{"line":538,"column":1}}},"7":{"name":"getById","decl":{"start":{"line":553,"column":22},"end":{"line":553,"column":29}},"loc":{"start":{"line":556,"column":16},"end":{"line":641,"column":1}}},"8":{"name":"assignToPadal","decl":{"start":{"line":655,"column":22},"end":{"line":655,"column":35}},"loc":{"start":{"line":658,"column":20},"end":{"line":769,"column":1}}},"9":{"name":"markComplete","decl":{"start":{"line":783,"column":22},"end":{"line":783,"column":34}},"loc":{"start":{"line":785,"column":17},"end":{"line":877,"column":1}}},"10":{"name":"cancel","decl":{"start":{"line":895,"column":22},"end":{"line":895,"column":28}},"loc":{"start":{"line":899,"column":22},"end":{"line":1034,"column":1}}},"11":{"name":"(anonymous_20)","decl":{"start":{"line":1020,"column":25},"end":{"line":1020,"column":26}},"loc":{"start":{"line":1021,"column":8},"end":{"line":1026,"column":10}}},"12":{"name":"reject","decl":{"start":{"line":1051,"column":22},"end":{"line":1051,"column":28}},"loc":{"start":{"line":1054,"column":21},"end":{"line":1142,"column":1}}}},"branchMap":{"0":{"loc":{"start":{"line":71,"column":2},"end":{"line":73,"column":3}},"type":"if","locations":[{"start":{"line":71,"column":2},"end":{"line":73,"column":3}}]},"1":{"loc":{"start":{"line":75,"column":2},"end":{"line":81,"column":3}},"type":"if","locations":[{"start":{"line":75,"column":2},"end":{"line":81,"column":3}}]},"2":{"loc":{"start":{"line":92,"column":2},"end":{"line":98,"column":3}},"type":"if","locations":[{"start":{"line":92,"column":2},"end":{"line":98,"column":3}}]},"3":{"loc":{"start":{"line":126,"column":2},"end":{"line":150,"column":3}},"type":"if","locations":[{"start":{"line":126,"column":2},"end":{"line":150,"column":3}}]},"4":{"loc":{"start":{"line":126,"column":6},"end":{"line":126,"column":31}},"type":"binary-expr","locations":[{"start":{"line":126,"column":6},"end":{"line":126,"column":11}},{"start":{"line":126,"column":15},"end":{"line":126,"column":31}}]},"5":{"loc":{"start":{"line":130,"column":18},"end":{"line":130,"column":89}},"type":"binary-expr","locations":[{"start":{"line":130,"column":18},"end":{"line":130,"column":27}},{"start":{"line":130,"column":31},"end":{"line":130,"column":44}},{"start":{"line":130,"column":48},"end":{"line":130,"column":89}}]},"6":{"loc":{"start":{"line":201,"column":2},"end":{"line":201,"column":35}},"type":"default-arg","locations":[{"start":{"line":201,"column":33},"end":{"line":201,"column":35}}]},"7":{"loc":{"start":{"line":204,"column":15},"end":{"line":204,"column":75}},"type":"cond-expr","locations":[{"start":{"line":204,"column":56},"end":{"line":204,"column":71}},{"start":{"line":204,"column":74},"end":{"line":204,"column":75}}]},"8":{"loc":{"start":{"line":204,"column":15},"end":{"line":204,"column":53}},"type":"binary-expr","locations":[{"start":{"line":204,"column":15},"end":{"line":204,"column":30}},{"start":{"line":204,"column":34},"end":{"line":204,"column":53}}]},"9":{"loc":{"start":{"line":205,"column":19},"end":{"line":205,"column":92}},"type":"cond-expr","locations":[{"start":{"line":205,"column":68},"end":{"line":205,"column":87}},{"start":{"line":205,"column":90},"end":{"line":205,"column":92}}]},"10":{"loc":{"start":{"line":205,"column":19},"end":{"line":205,"column":65}},"type":"binary-expr","locations":[{"start":{"line":205,"column":19},"end":{"line":205,"column":38}},{"start":{"line":205,"column":42},"end":{"line":205,"column":65}}]},"11":{"loc":{"start":{"line":213,"column":2},"end":{"line":215,"column":3}},"type":"if","locations":[{"start":{"line":213,"column":2},"end":{"line":215,"column":3}}]},"12":{"loc":{"start":{"line":217,"column":2},"end":{"line":222,"column":3}},"type":"if","locations":[{"start":{"line":217,"column":2},"end":{"line":222,"column":3}}]},"13":{"loc":{"start":{"line":224,"column":2},"end":{"line":232,"column":3}},"type":"if","locations":[{"start":{"line":224,"column":2},"end":{"line":232,"column":3}}]},"14":{"loc":{"start":{"line":224,"column":6},"end":{"line":224,"column":44}},"type":"binary-expr","locations":[{"start":{"line":224,"column":6},"end":{"line":224,"column":24}},{"start":{"line":224,"column":28},"end":{"line":224,"column":44}}]},"15":{"loc":{"start":{"line":226,"column":4},"end":{"line":226,"column":79}},"type":"if","locations":[{"start":{"line":226,"column":4},"end":{"line":226,"column":79}}]},"16":{"loc":{"start":{"line":227,"column":4},"end":{"line":231,"column":5}},"type":"if","locations":[{"start":{"line":227,"column":4},"end":{"line":231,"column":5}}]},"17":{"loc":{"start":{"line":235,"column":2},"end":{"line":240,"column":3}},"type":"if","locations":[{"start":{"line":235,"column":2},"end":{"line":240,"column":3}}]},"18":{"loc":{"start":{"line":242,"column":2},"end":{"line":245,"column":3}},"type":"if","locations":[{"start":{"line":242,"column":2},"end":{"line":245,"column":3}}]},"19":{"loc":{"start":{"line":295,"column":2},"end":{"line":295,"column":35}},"type":"default-arg","locations":[{"start":{"line":295,"column":33},"end":{"line":295,"column":35}}]},"20":{"loc":{"start":{"line":298,"column":15},"end":{"line":298,"column":75}},"type":"cond-expr","locations":[{"start":{"line":298,"column":56},"end":{"line":298,"column":71}},{"start":{"line":298,"column":74},"end":{"line":298,"column":75}}]},"21":{"loc":{"start":{"line":298,"column":15},"end":{"line":298,"column":53}},"type":"binary-expr","locations":[{"start":{"line":298,"column":15},"end":{"line":298,"column":30}},{"start":{"line":298,"column":34},"end":{"line":298,"column":53}}]},"22":{"loc":{"start":{"line":299,"column":19},"end":{"line":299,"column":92}},"type":"cond-expr","locations":[{"start":{"line":299,"column":68},"end":{"line":299,"column":87}},{"start":{"line":299,"column":90},"end":{"line":299,"column":92}}]},"23":{"loc":{"start":{"line":299,"column":19},"end":{"line":299,"column":65}},"type":"binary-expr","locations":[{"start":{"line":299,"column":19},"end":{"line":299,"column":38}},{"start":{"line":299,"column":42},"end":{"line":299,"column":65}}]},"24":{"loc":{"start":{"line":304,"column":2},"end":{"line":306,"column":3}},"type":"if","locations":[{"start":{"line":304,"column":2},"end":{"line":306,"column":3}}]},"25":{"loc":{"start":{"line":308,"column":2},"end":{"line":313,"column":3}},"type":"if","locations":[{"start":{"line":308,"column":2},"end":{"line":313,"column":3}}]},"26":{"loc":{"start":{"line":315,"column":2},"end":{"line":323,"column":3}},"type":"if","locations":[{"start":{"line":315,"column":2},"end":{"line":323,"column":3}}]},"27":{"loc":{"start":{"line":315,"column":6},"end":{"line":315,"column":44}},"type":"binary-expr","locations":[{"start":{"line":315,"column":6},"end":{"line":315,"column":24}},{"start":{"line":315,"column":28},"end":{"line":315,"column":44}}]},"28":{"loc":{"start":{"line":317,"column":4},"end":{"line":317,"column":79}},"type":"if","locations":[{"start":{"line":317,"column":4},"end":{"line":317,"column":79}}]},"29":{"loc":{"start":{"line":318,"column":4},"end":{"line":322,"column":5}},"type":"if","locations":[{"start":{"line":318,"column":4},"end":{"line":322,"column":5}}]},"30":{"loc":{"start":{"line":377,"column":2},"end":{"line":377,"column":35}},"type":"default-arg","locations":[{"start":{"line":377,"column":33},"end":{"line":377,"column":35}}]},"31":{"loc":{"start":{"line":380,"column":15},"end":{"line":380,"column":75}},"type":"cond-expr","locations":[{"start":{"line":380,"column":56},"end":{"line":380,"column":71}},{"start":{"line":380,"column":74},"end":{"line":380,"column":75}}]},"32":{"loc":{"start":{"line":380,"column":15},"end":{"line":380,"column":53}},"type":"binary-expr","locations":[{"start":{"line":380,"column":15},"end":{"line":380,"column":30}},{"start":{"line":380,"column":34},"end":{"line":380,"column":53}}]},"33":{"loc":{"start":{"line":381,"column":19},"end":{"line":381,"column":92}},"type":"cond-expr","locations":[{"start":{"line":381,"column":68},"end":{"line":381,"column":87}},{"start":{"line":381,"column":90},"end":{"line":381,"column":92}}]},"34":{"loc":{"start":{"line":381,"column":19},"end":{"line":381,"column":65}},"type":"binary-expr","locations":[{"start":{"line":381,"column":19},"end":{"line":381,"column":38}},{"start":{"line":381,"column":42},"end":{"line":381,"column":65}}]},"35":{"loc":{"start":{"line":386,"column":2},"end":{"line":388,"column":3}},"type":"if","locations":[{"start":{"line":386,"column":2},"end":{"line":388,"column":3}}]},"36":{"loc":{"start":{"line":390,"column":2},"end":{"line":395,"column":3}},"type":"if","locations":[{"start":{"line":390,"column":2},"end":{"line":395,"column":3}}]},"37":{"loc":{"start":{"line":397,"column":2},"end":{"line":405,"column":3}},"type":"if","locations":[{"start":{"line":397,"column":2},"end":{"line":405,"column":3}}]},"38":{"loc":{"start":{"line":397,"column":6},"end":{"line":397,"column":44}},"type":"binary-expr","locations":[{"start":{"line":397,"column":6},"end":{"line":397,"column":24}},{"start":{"line":397,"column":28},"end":{"line":397,"column":44}}]},"39":{"loc":{"start":{"line":399,"column":4},"end":{"line":399,"column":79}},"type":"if","locations":[{"start":{"line":399,"column":4},"end":{"line":399,"column":79}}]},"40":{"loc":{"start":{"line":400,"column":4},"end":{"line":404,"column":5}},"type":"if","locations":[{"start":{"line":400,"column":4},"end":{"line":404,"column":5}}]},"41":{"loc":{"start":{"line":453,"column":2},"end":{"line":453,"column":35}},"type":"default-arg","locations":[{"start":{"line":453,"column":33},"end":{"line":453,"column":35}}]},"42":{"loc":{"start":{"line":456,"column":15},"end":{"line":456,"column":75}},"type":"cond-expr","locations":[{"start":{"line":456,"column":56},"end":{"line":456,"column":71}},{"start":{"line":456,"column":74},"end":{"line":456,"column":75}}]},"43":{"loc":{"start":{"line":456,"column":15},"end":{"line":456,"column":53}},"type":"binary-expr","locations":[{"start":{"line":456,"column":15},"end":{"line":456,"column":30}},{"start":{"line":456,"column":34},"end":{"line":456,"column":53}}]},"44":{"loc":{"start":{"line":457,"column":19},"end":{"line":457,"column":92}},"type":"cond-expr","locations":[{"start":{"line":457,"column":68},"end":{"line":457,"column":87}},{"start":{"line":457,"column":90},"end":{"line":457,"column":92}}]},"45":{"loc":{"start":{"line":457,"column":19},"end":{"line":457,"column":65}},"type":"binary-expr","locations":[{"start":{"line":457,"column":19},"end":{"line":457,"column":38}},{"start":{"line":457,"column":42},"end":{"line":457,"column":65}}]},"46":{"loc":{"start":{"line":465,"column":2},"end":{"line":476,"column":3}},"type":"if","locations":[{"start":{"line":465,"column":2},"end":{"line":476,"column":3}}]},"47":{"loc":{"start":{"line":465,"column":6},"end":{"line":465,"column":34}},"type":"binary-expr","locations":[{"start":{"line":465,"column":6},"end":{"line":465,"column":14}},{"start":{"line":465,"column":18},"end":{"line":465,"column":34}}]},"48":{"loc":{"start":{"line":481,"column":2},"end":{"line":483,"column":3}},"type":"if","locations":[{"start":{"line":481,"column":2},"end":{"line":483,"column":3}}]},"49":{"loc":{"start":{"line":485,"column":2},"end":{"line":490,"column":3}},"type":"if","locations":[{"start":{"line":485,"column":2},"end":{"line":490,"column":3}}]},"50":{"loc":{"start":{"line":492,"column":2},"end":{"line":500,"column":3}},"type":"if","locations":[{"start":{"line":492,"column":2},"end":{"line":500,"column":3}}]},"51":{"loc":{"start":{"line":492,"column":6},"end":{"line":492,"column":44}},"type":"binary-expr","locations":[{"start":{"line":492,"column":6},"end":{"line":492,"column":24}},{"start":{"line":492,"column":28},"end":{"line":492,"column":44}}]},"52":{"loc":{"start":{"line":494,"column":4},"end":{"line":494,"column":79}},"type":"if","locations":[{"start":{"line":494,"column":4},"end":{"line":494,"column":79}}]},"53":{"loc":{"start":{"line":495,"column":4},"end":{"line":499,"column":5}},"type":"if","locations":[{"start":{"line":495,"column":4},"end":{"line":499,"column":5}}]},"54":{"loc":{"start":{"line":597,"column":2},"end":{"line":599,"column":3}},"type":"if","locations":[{"start":{"line":597,"column":2},"end":{"line":599,"column":3}}]},"55":{"loc":{"start":{"line":602,"column":2},"end":{"line":638,"column":3}},"type":"switch","locations":[{"start":{"line":603,"column":4},"end":{"line":607,"column":12}},{"start":{"line":609,"column":4},"end":{"line":611,"column":12}},{"start":{"line":613,"column":4},"end":{"line":617,"column":12}},{"start":{"line":619,"column":4},"end":{"line":634,"column":5}},{"start":{"line":636,"column":4},"end":{"line":637,"column":66}}]},"56":{"loc":{"start":{"line":604,"column":6},"end":{"line":606,"column":7}},"type":"if","locations":[{"start":{"line":604,"column":6},"end":{"line":606,"column":7}}]},"57":{"loc":{"start":{"line":614,"column":6},"end":{"line":616,"column":7}},"type":"if","locations":[{"start":{"line":614,"column":6},"end":{"line":616,"column":7}}]},"58":{"loc":{"start":{"line":626,"column":6},"end":{"line":628,"column":7}},"type":"if","locations":[{"start":{"line":626,"column":6},"end":{"line":628,"column":7}}]},"59":{"loc":{"start":{"line":626,"column":10},"end":{"line":626,"column":38}},"type":"binary-expr","locations":[{"start":{"line":626,"column":10},"end":{"line":626,"column":18}},{"start":{"line":626,"column":22},"end":{"line":626,"column":38}}]},"60":{"loc":{"start":{"line":630,"column":6},"end":{"line":632,"column":7}},"type":"if","locations":[{"start":{"line":630,"column":6},"end":{"line":632,"column":7}}]},"61":{"loc":{"start":{"line":665,"column":2},"end":{"line":667,"column":3}},"type":"if","locations":[{"start":{"line":665,"column":2},"end":{"line":667,"column":3}}]},"62":{"loc":{"start":{"line":669,"column":2},"end":{"line":675,"column":3}},"type":"if","locations":[{"start":{"line":669,"column":2},"end":{"line":675,"column":3}}]},"63":{"loc":{"start":{"line":682,"column":2},"end":{"line":684,"column":3}},"type":"if","locations":[{"start":{"line":682,"column":2},"end":{"line":684,"column":3}}]},"64":{"loc":{"start":{"line":686,"column":2},"end":{"line":692,"column":3}},"type":"if","locations":[{"start":{"line":686,"column":2},"end":{"line":692,"column":3}}]},"65":{"loc":{"start":{"line":694,"column":2},"end":{"line":700,"column":3}},"type":"if","locations":[{"start":{"line":694,"column":2},"end":{"line":700,"column":3}}]},"66":{"loc":{"start":{"line":716,"column":2},"end":{"line":722,"column":3}},"type":"if","locations":[{"start":{"line":716,"column":2},"end":{"line":722,"column":3}}]},"67":{"loc":{"start":{"line":747,"column":15},"end":{"line":747,"column":42}},"type":"binary-expr","locations":[{"start":{"line":747,"column":15},"end":{"line":747,"column":29}},{"start":{"line":747,"column":33},"end":{"line":747,"column":42}}]},"68":{"loc":{"start":{"line":792,"column":2},"end":{"line":794,"column":3}},"type":"if","locations":[{"start":{"line":792,"column":2},"end":{"line":794,"column":3}}]},"69":{"loc":{"start":{"line":796,"column":2},"end":{"line":802,"column":3}},"type":"if","locations":[{"start":{"line":796,"column":2},"end":{"line":802,"column":3}}]},"70":{"loc":{"start":{"line":805,"column":2},"end":{"line":811,"column":3}},"type":"if","locations":[{"start":{"line":805,"column":2},"end":{"line":811,"column":3}}]},"71":{"loc":{"start":{"line":826,"column":2},"end":{"line":832,"column":3}},"type":"if","locations":[{"start":{"line":826,"column":2},"end":{"line":832,"column":3}}]},"72":{"loc":{"start":{"line":857,"column":15},"end":{"line":857,"column":39}},"type":"binary-expr","locations":[{"start":{"line":857,"column":15},"end":{"line":857,"column":26}},{"start":{"line":857,"column":30},"end":{"line":857,"column":39}}]},"73":{"loc":{"start":{"line":906,"column":2},"end":{"line":908,"column":3}},"type":"if","locations":[{"start":{"line":906,"column":2},"end":{"line":908,"column":3}}]},"74":{"loc":{"start":{"line":910,"column":2},"end":{"line":916,"column":3}},"type":"if","locations":[{"start":{"line":910,"column":2},"end":{"line":916,"column":3}}]},"75":{"loc":{"start":{"line":910,"column":6},"end":{"line":910,"column":63}},"type":"binary-expr","locations":[{"start":{"line":910,"column":6},"end":{"line":910,"column":33}},{"start":{"line":910,"column":37},"end":{"line":910,"column":63}}]},"76":{"loc":{"start":{"line":919,"column":2},"end":{"line":927,"column":3}},"type":"if","locations":[{"start":{"line":919,"column":2},"end":{"line":927,"column":3}}]},"77":{"loc":{"start":{"line":920,"column":4},"end":{"line":926,"column":5}},"type":"if","locations":[{"start":{"line":920,"column":4},"end":{"line":926,"column":5}}]},"78":{"loc":{"start":{"line":931,"column":2},"end":{"line":937,"column":3}},"type":"if","locations":[{"start":{"line":931,"column":2},"end":{"line":937,"column":3}}]},"79":{"loc":{"start":{"line":931,"column":6},"end":{"line":931,"column":72}},"type":"binary-expr","locations":[{"start":{"line":931,"column":6},"end":{"line":931,"column":31}},{"start":{"line":931,"column":36},"end":{"line":931,"column":48}},{"start":{"line":931,"column":52},"end":{"line":931,"column":71}}]},"80":{"loc":{"start":{"line":947,"column":19},"end":{"line":947,"column":38}},"type":"binary-expr","locations":[{"start":{"line":947,"column":19},"end":{"line":947,"column":30}},{"start":{"line":947,"column":34},"end":{"line":947,"column":38}}]},"81":{"loc":{"start":{"line":951,"column":2},"end":{"line":957,"column":3}},"type":"if","locations":[{"start":{"line":951,"column":2},"end":{"line":957,"column":3}}]},"82":{"loc":{"start":{"line":982,"column":15},"end":{"line":982,"column":39}},"type":"binary-expr","locations":[{"start":{"line":982,"column":15},"end":{"line":982,"column":26}},{"start":{"line":982,"column":30},"end":{"line":982,"column":39}}]},"83":{"loc":{"start":{"line":986,"column":19},"end":{"line":986,"column":38}},"type":"binary-expr","locations":[{"start":{"line":986,"column":19},"end":{"line":986,"column":30}},{"start":{"line":986,"column":34},"end":{"line":986,"column":38}}]},"84":{"loc":{"start":{"line":994,"column":4},"end":{"line":1001,"column":5}},"type":"if","locations":[{"start":{"line":994,"column":4},"end":{"line":1001,"column":5}}]},"85":{"loc":{"start":{"line":1004,"column":4},"end":{"line":1011,"column":5}},"type":"if","locations":[{"start":{"line":1004,"column":4},"end":{"line":1011,"column":5}}]},"86":{"loc":{"start":{"line":1004,"column":8},"end":{"line":1004,"column":52}},"type":"binary-expr","locations":[{"start":{"line":1004,"column":8},"end":{"line":1004,"column":22}},{"start":{"line":1004,"column":26},"end":{"line":1004,"column":52}}]},"87":{"loc":{"start":{"line":1057,"column":2},"end":{"line":1059,"column":3}},"type":"if","locations":[{"start":{"line":1057,"column":2},"end":{"line":1059,"column":3}}]},"88":{"loc":{"start":{"line":1066,"column":2},"end":{"line":1068,"column":3}},"type":"if","locations":[{"start":{"line":1066,"column":2},"end":{"line":1068,"column":3}}]},"89":{"loc":{"start":{"line":1070,"column":2},"end":{"line":1076,"column":3}},"type":"if","locations":[{"start":{"line":1070,"column":2},"end":{"line":1076,"column":3}}]},"90":{"loc":{"start":{"line":1090,"column":2},"end":{"line":1096,"column":3}},"type":"if","locations":[{"start":{"line":1090,"column":2},"end":{"line":1096,"column":3}}]},"91":{"loc":{"start":{"line":1121,"column":15},"end":{"line":1121,"column":39}},"type":"binary-expr","locations":[{"start":{"line":1121,"column":15},"end":{"line":1121,"column":26}},{"start":{"line":1121,"column":30},"end":{"line":1121,"column":39}}]}},"s":{"0":2,"1":2,"2":2,"3":2,"4":2,"5":2,"6":2,"7":2,"8":2,"9":2,"10":2,"11":2,"12":2,"13":2,"14":2,"15":2,"16":0,"17":0,"18":0,"19":0,"20":0,"21":0,"22":0,"23":0,"24":0,"25":0,"26":0,"27":0,"28":0,"29":0,"30":0,"31":0,"32":0,"33":0,"34":0,"35":0,"36":0,"37":0,"38":0,"39":0,"40":0,"41":0,"42":0,"43":0,"44":0,"45":0,"46":0,"47":0,"48":0,"49":0,"50":0,"51":0,"52":0,"53":0,"54":0,"55":0,"56":0,"57":0,"58":0,"59":0,"60":0,"61":0,"62":1,"63":1,"64":1,"65":1,"66":1,"67":1,"68":1,"69":1,"70":1,"71":0,"72":0,"73":0,"74":0,"75":0,"76":0,"77":0,"78":1,"79":1,"80":1,"81":0,"82":0,"83":0,"84":0,"85":0,"86":0,"87":0,"88":0,"89":0,"90":0,"91":0,"92":0,"93":0,"94":0,"95":0,"96":0,"97":0,"98":0,"99":0,"100":0,"101":0,"102":0,"103":0,"104":0,"105":0,"106":0,"107":0,"108":0,"109":0,"110":0,"111":0,"112":0,"113":0,"114":0,"115":0,"116":0,"117":0,"118":0,"119":0,"120":0,"121":0,"122":0,"123":0,"124":0,"125":0,"126":0,"127":0,"128":0,"129":0,"130":0,"131":0,"132":0,"133":0,"134":0,"135":0,"136":0,"137":0,"138":0,"139":0,"140":0,"141":13,"142":13,"143":2,"144":11,"145":2,"146":9,"147":9,"148":2,"149":7,"150":2,"151":5,"152":2,"153":3,"154":3,"155":3,"156":2,"157":1,"158":1,"159":1,"160":1,"161":1,"162":1,"163":5,"164":5,"165":1,"166":4,"167":1,"168":3,"169":1,"170":2,"171":2,"172":2,"173":1,"174":1,"175":1,"176":1,"177":1,"178":1,"179":1,"180":8,"181":8,"182":1,"183":7,"184":2,"185":5,"186":3,"187":1,"188":4,"189":0,"190":4,"191":4,"192":1,"193":3,"194":3,"195":3,"196":3,"197":3,"198":2,"199":3,"200":1,"201":3,"202":3,"203":0,"204":3,"205":5,"206":5,"207":1,"208":4,"209":4,"210":1,"211":3,"212":1,"213":2,"214":2,"215":1,"216":1,"217":1,"218":1,"219":1,"220":1,"221":1},"f":{"0":0,"1":0,"2":0,"3":0,"4":1,"5":0,"6":0,"7":0,"8":13,"9":5,"10":8,"11":0,"12":5},"b":{"0":[0],"1":[0],"2":[0],"3":[0],"4":[0,0],"5":[0,0,0],"6":[0],"7":[0,0],"8":[0,0],"9":[0,0],"10":[0,0],"11":[0],"12":[0],"13":[0],"14":[0,0],"15":[0],"16":[0],"17":[0],"18":[0],"19":[0],"20":[1,0],"21":[1,1],"22":[1,0],"23":[1,1],"24":[1],"25":[1],"26":[0],"27":[1,1],"28":[0],"29":[0],"30":[0],"31":[0,0],"32":[0,0],"33":[0,0],"34":[0,0],"35":[0],"36":[0],"37":[0],"38":[0,0],"39":[0],"40":[0],"41":[0],"42":[0,0],"43":[0,0],"44":[0,0],"45":[0,0],"46":[0],"47":[0,0],"48":[0],"49":[0],"50":[0],"51":[0,0],"52":[0],"53":[0],"54":[0],"55":[0,0,0,0,0],"56":[0],"57":[0],"58":[0],"59":[0,0],"60":[0],"61":[2],"62":[2],"63":[2],"64":[2],"65":[2],"66":[2],"67":[1,0],"68":[1],"69":[1],"70":[1],"71":[1],"72":[1,0],"73":[1],"74":[2],"75":[7,3],"76":[3],"77":[1],"78":[0],"79":[4,2,2],"80":[4,1],"81":[1],"82":[3,0],"83":[3,0],"84":[2],"85":[1],"86":[3,1],"87":[1],"88":[1],"89":[1],"90":[1],"91":[1,0]}}
,"C:\\Users\\HYPE AMD\\Documents\\PKL_Polda_2026\\SIGAP-PKL Polda Kalsel3213\\SIGAP-PKL Polda Kalsel\\backend\\src\\utils\\AppError.ts": {"path":"C:\\Users\\HYPE AMD\\Documents\\PKL_Polda_2026\\SIGAP-PKL Polda Kalsel3213\\SIGAP-PKL Polda Kalsel\\backend\\src\\utils\\AppError.ts","statementMap":{"0":{"start":{"line":16,"column":4},"end":{"line":16,"column":19}},"1":{"start":{"line":17,"column":4},"end":{"line":17,"column":33}},"2":{"start":{"line":18,"column":4},"end":{"line":18,"column":21}},"3":{"start":{"line":19,"column":4},"end":{"line":19,"column":27}},"4":{"start":{"line":22,"column":4},"end":{"line":22,"column":52}},"5":{"start":{"line":25,"column":4},"end":{"line":27,"column":5}},"6":{"start":{"line":26,"column":6},"end":{"line":26,"column":46}},"7":{"start":{"line":34,"column":4},"end":{"line":39,"column":6}},"8":{"start":{"line":5,"column":0},"end":{"line":5,"column":13}}},"fnMap":{"0":{"name":"(anonymous_0)","decl":{"start":{"line":10,"column":2},"end":{"line":10,"column":null}},"loc":{"start":{"line":14,"column":37},"end":{"line":28,"column":3}}},"1":{"name":"(anonymous_1)","decl":{"start":{"line":33,"column":2},"end":{"line":33,"column":8}},"loc":{"start":{"line":33,"column":8},"end":{"line":40,"column":3}}}},"branchMap":{"0":{"loc":{"start":{"line":25,"column":4},"end":{"line":27,"column":5}},"type":"if","locations":[{"start":{"line":25,"column":4},"end":{"line":27,"column":5}}]},"1":{"loc":{"start":{"line":38,"column":10},"end":{"line":38,"column":51}},"type":"binary-expr","locations":[{"start":{"line":38,"column":10},"end":{"line":38,"column":22}},{"start":{"line":38,"column":26},"end":{"line":38,"column":51}}]}},"s":{"0":193,"1":193,"2":193,"3":193,"4":193,"5":193,"6":193,"7":0,"8":5},"f":{"0":193,"1":0},"b":{"0":[193],"1":[0,0]}}
,"C:\\Users\\HYPE AMD\\Documents\\PKL_Polda_2026\\SIGAP-PKL Polda Kalsel3213\\SIGAP-PKL Polda Kalsel\\backend\\src\\utils\\logger.ts": {"path":"C:\\Users\\HYPE AMD\\Documents\\PKL_Polda_2026\\SIGAP-PKL Polda Kalsel3213\\SIGAP-PKL Polda Kalsel\\backend\\src\\utils\\logger.ts","statementMap":{"0":{"start":{"line":1,"column":0},"end":{"line":1,"column":53}},"1":{"start":{"line":2,"column":0},"end":{"line":2,"column":35}},"2":{"start":{"line":10,"column":13},"end":{"line":50,"column":2}},"3":{"start":{"line":12,"column":4},"end":{"line":12,"column":36}},"4":{"start":{"line":16,"column":4},"end":{"line":16,"column":36}},"5":{"start":{"line":20,"column":4},"end":{"line":20,"column":37}},"6":{"start":{"line":24,"column":4},"end":{"line":26,"column":5}},"7":{"start":{"line":25,"column":6},"end":{"line":25,"column":39}},"8":{"start":{"line":33,"column":4},"end":{"line":36,"column":5}},"9":{"start":{"line":34,"column":6},"end":{"line":34,"column":34}},"10":{"start":{"line":35,"column":6},"end":{"line":35,"column":13}},"11":{"start":{"line":38,"column":4},"end":{"line":41,"column":5}},"12":{"start":{"line":39,"column":6},"end":{"line":39,"column":34}},"13":{"start":{"line":40,"column":6},"end":{"line":40,"column":13}},"14":{"start":{"line":43,"column":4},"end":{"line":46,"column":5}},"15":{"start":{"line":44,"column":6},"end":{"line":44,"column":35}},"16":{"start":{"line":45,"column":6},"end":{"line":45,"column":13}},"17":{"start":{"line":48,"column":4},"end":{"line":48,"column":33}},"18":{"start":{"line":53,"column":2},"end":{"line":53,"column":34}},"19":{"start":{"line":57,"column":20},"end":{"line":57,"column":34}},"20":{"start":{"line":58,"column":2},"end":{"line":60,"column":3}},"21":{"start":{"line":59,"column":4},"end":{"line":59,"column":63}},"22":{"start":{"line":62,"column":2},"end":{"line":62,"column":42}},"23":{"start":{"line":66,"column":15},"end":{"line":66,"column":67}},"24":{"start":{"line":67,"column":17},"end":{"line":67,"column":28}},"25":{"start":{"line":69,"column":2},"end":{"line":72,"column":3}},"26":{"start":{"line":70,"column":4},"end":{"line":70,"column":33}},"27":{"start":{"line":71,"column":4},"end":{"line":71,"column":11}},"28":{"start":{"line":74,"column":2},"end":{"line":74,"column":31}}},"fnMap":{"0":{"name":"(anonymous_0)","decl":{"start":{"line":11,"column":2},"end":{"line":11,"column":6}},"loc":{"start":{"line":11,"column":42},"end":{"line":13,"column":3}}},"1":{"name":"(anonymous_1)","decl":{"start":{"line":15,"column":2},"end":{"line":15,"column":6}},"loc":{"start":{"line":15,"column":42},"end":{"line":17,"column":3}}},"2":{"name":"(anonymous_2)","decl":{"start":{"line":19,"column":2},"end":{"line":19,"column":7}},"loc":{"start":{"line":19,"column":43},"end":{"line":21,"column":3}}},"3":{"name":"(anonymous_3)","decl":{"start":{"line":23,"column":2},"end":{"line":23,"column":7}},"loc":{"start":{"line":23,"column":43},"end":{"line":27,"column":3}}},"4":{"name":"(anonymous_4)","decl":{"start":{"line":32,"column":2},"end":{"line":32,"column":5}},"loc":{"start":{"line":32,"column":58},"end":{"line":49,"column":3}}},"5":{"name":"getTimestamp","decl":{"start":{"line":52,"column":9},"end":{"line":52,"column":21}},"loc":{"start":{"line":52,"column":21},"end":{"line":54,"column":1}}},"6":{"name":"getLogPrefix","decl":{"start":{"line":56,"column":9},"end":{"line":56,"column":21}},"loc":{"start":{"line":56,"column":37},"end":{"line":63,"column":1}}},"7":{"name":"writeLog","decl":{"start":{"line":65,"column":9},"end":{"line":65,"column":17}},"loc":{"start":{"line":65,"column":67},"end":{"line":75,"column":1}}}},"branchMap":{"0":{"loc":{"start":{"line":24,"column":4},"end":{"line":26,"column":5}},"type":"if","locations":[{"start":{"line":24,"column":4},"end":{"line":26,"column":5}}]},"1":{"loc":{"start":{"line":33,"column":4},"end":{"line":36,"column":5}},"type":"if","locations":[{"start":{"line":33,"column":4},"end":{"line":36,"column":5}}]},"2":{"loc":{"start":{"line":38,"column":4},"end":{"line":41,"column":5}},"type":"if","locations":[{"start":{"line":38,"column":4},"end":{"line":41,"column":5}}]},"3":{"loc":{"start":{"line":43,"column":4},"end":{"line":46,"column":5}},"type":"if","locations":[{"start":{"line":43,"column":4},"end":{"line":46,"column":5}}]},"4":{"loc":{"start":{"line":58,"column":2},"end":{"line":60,"column":3}},"type":"if","locations":[{"start":{"line":58,"column":2},"end":{"line":60,"column":3}}]},"5":{"loc":{"start":{"line":69,"column":2},"end":{"line":72,"column":3}},"type":"if","locations":[{"start":{"line":69,"column":2},"end":{"line":72,"column":3}}]}},"s":{"0":1,"1":1,"2":1,"3":0,"4":0,"5":0,"6":0,"7":0,"8":0,"9":0,"10":0,"11":0,"12":0,"13":0,"14":0,"15":0,"16":0,"17":0,"18":0,"19":0,"20":0,"21":0,"22":0,"23":0,"24":0,"25":0,"26":0,"27":0,"28":0},"f":{"0":0,"1":0,"2":0,"3":0,"4":0,"5":0,"6":0,"7":0},"b":{"0":[0],"1":[0],"2":[0],"3":[0],"4":[0],"5":[0]}}
,"C:\\Users\\HYPE AMD\\Documents\\PKL_Polda_2026\\SIGAP-PKL Polda Kalsel3213\\SIGAP-PKL Polda Kalsel\\backend\\src\\validators\\auth.ts": {"path":"C:\\Users\\HYPE AMD\\Documents\\PKL_Polda_2026\\SIGAP-PKL Polda Kalsel3213\\SIGAP-PKL Polda Kalsel\\backend\\src\\validators\\auth.ts","statementMap":{"0":{"start":{"line":1,"column":0},"end":{"line":1,"column":24}},"1":{"start":{"line":9,"column":23},"end":{"line":18,"column":4}},"2":{"start":{"line":13,"column":19},"end":{"line":13,"column":36}},"3":{"start":{"line":16,"column":19},"end":{"line":16,"column":36}},"4":{"start":{"line":27,"column":13},"end":{"line":41,"column":3}},"5":{"start":{"line":48,"column":13},"end":{"line":55,"column":3}},"6":{"start":{"line":61,"column":13},"end":{"line":65,"column":3}},"7":{"start":{"line":72,"column":13},"end":{"line":77,"column":3}}},"fnMap":{"0":{"name":"(anonymous_0)","decl":{"start":{"line":13,"column":10},"end":{"line":13,"column":11}},"loc":{"start":{"line":13,"column":19},"end":{"line":13,"column":36}}},"1":{"name":"(anonymous_1)","decl":{"start":{"line":16,"column":10},"end":{"line":16,"column":11}},"loc":{"start":{"line":16,"column":19},"end":{"line":16,"column":36}}}},"branchMap":{},"s":{"0":1,"1":1,"2":200,"3":200,"4":1,"5":1,"6":1,"7":1},"f":{"0":200,"1":200},"b":{}}
}
