TN:
SF:src\lib\prisma.ts
FNF:0
FNH:0
DA:1,3
DA:3,3
DA:5,3
DA:11,3
DA:12,3
LF:5
LH:5
BRDA:6,0,0,3
BRDA:6,0,1,3
BRDA:8,1,0,0
BRDA:8,1,1,3
BRDA:11,2,0,3
BRF:5
BRH:4
end_of_record
TN:
SF:src\lib\requestContext.ts
FN:9,runWithRequestContext
FN:13,getRequestId
FNF:2
FNH:0
FNDA:0,runWithRequestContext
FNDA:0,getRequestId
DA:1,1
DA:7,1
DA:9,1
DA:10,0
DA:13,1
DA:14,0
LF:6
LH:4
BRF:0
BRH:0
end_of_record
TN:
SF:src\lib\socket.ts
FN:13,setIO
FN:21,getIO
FNF:2
FNH:0
FNDA:0,setIO
FNDA:0,getIO
DA:8,1
DA:13,1
DA:14,0
DA:21,1
DA:22,0
DA:23,0
DA:27,0
LF:7
LH:3
BRDA:22,0,0,0
BRF:1
BRH:0
end_of_record
TN:
SF:src\services\authService.ts
FN:37,register
FN:80,login
FN:146,requestPasswordReset
FN:195,resetPassword
FNF:4
FNH:1
FNDA:0,register
FNDA:1,login
FNDA:0,requestPasswordReset
FNDA:0,resetPassword
DA:1,1
DA:2,1
DA:3,1
DA:4,1
DA:5,1
DA:7,1
DA:8,1
DA:37,1
DA:38,0
DA:41,0
DA:45,0
DA:46,0
DA:50,0
DA:53,0
DA:63,0
DA:73,0
DA:80,1
DA:81,1
DA:84,1
DA:89,1
DA:90,0
DA:94,1
DA:96,1
DA:97,0
DA:101,1
DA:102,1
DA:106,0
DA:107,0
DA:108,0
DA:111,0
DA:118,0
DA:120,0
DA:130,0
DA:146,1
DA:147,0
DA:152,0
DA:153,0
DA:157,0
DA:160,0
DA:163,0
DA:165,0
DA:174,0
DA:175,0
DA:178,0
DA:182,0
DA:195,1
DA:197,0
DA:200,0
DA:209,0
DA:210,0
DA:214,0
DA:217,0
DA:226,0
LF:53
LH:18
BRDA:45,0,0,0
BRDA:89,1,0,0
BRDA:96,2,0,0
BRDA:101,3,0,1
BRDA:107,4,0,0
BRDA:152,5,0,0
BRDA:209,6,0,0
BRF:7
BRH:1
end_of_record
TN:
SF:src\services\emailService.ts
FN:5,(anonymous_1)
FN:25,sendPasswordResetEmail
FNF:2
FNH:0
FNDA:0,(anonymous_1)
FNDA:0,sendPasswordResetEmail
DA:1,1
DA:2,1
DA:4,1
DA:5,0
DA:6,0
DA:7,0
DA:11,1
DA:25,1
DA:26,0
DA:28,0
DA:49,0
DA:50,0
DA:56,0
DA:58,0
DA:59,0
LF:15
LH:5
BRDA:13,0,0,1
BRDA:13,0,1,1
BRF:2
BRH:2
end_of_record
TN:
SF:src\services\notificationService.ts
FN:37,create
FN:74,getByUser
FN:117,markAsRead
FN:141,markAllAsRead
FN:154,deleteNotification
FN:175,getUnreadCount
FNF:6
FNH:3
FNDA:1,create
FNDA:0,getByUser
FNDA:160,markAsRead
FNDA:0,markAllAsRead
FNDA:160,deleteNotification
FNDA:0,getUnreadCount
DA:1,2
DA:3,2
DA:4,2
DA:37,2
DA:38,1
DA:48,1
DA:49,1
DA:50,1
DA:51,1
DA:65,1
DA:74,2
DA:78,0
DA:79,0
DA:80,0
DA:82,0
DA:97,0
DA:99,0
DA:117,2
DA:118,160
DA:122,160
DA:123,0
DA:126,160
DA:127,80
DA:130,80
DA:141,2
DA:142,0
DA:154,2
DA:155,160
DA:159,160
DA:160,0
DA:163,160
DA:164,80
DA:167,80
DA:175,2
DA:176,0
LF:35
LH:25
BRDA:50,0,0,1
BRDA:76,1,0,0
BRDA:79,2,0,0
BRDA:79,2,1,0
BRDA:122,3,0,0
BRDA:126,4,0,80
BRDA:159,5,0,0
BRDA:163,6,0,80
BRF:8
BRH:3
end_of_record
TN:
SF:src\services\reportService.ts
FN:62,getMonthlyReport
FN:102,(anonymous_2)
FN:128,calculateSummary
FN:130,(anonymous_4)
FN:131,(anonymous_5)
FN:132,(anonymous_6)
FN:133,(anonymous_7)
FN:136,(anonymous_8)
FN:140,(anonymous_9)
FN:162,exportPDF
FN:165,(anonymous_11)
FN:174,(anonymous_12)
FN:175,(anonymous_13)
FN:234,(anonymous_14)
FN:247,(anonymous_15)
FN:274,(anonymous_16)
FN:302,exportExcel
FN:345,(anonymous_18)
FN:392,(anonymous_19)
FN:430,formatDate
FNF:20
FNH:20
FNDA:2,getMonthlyReport
FNDA:2,(anonymous_2)
FNDA:2,calculateSummary
FNDA:2,(anonymous_4)
FNDA:2,(anonymous_5)
FNDA:2,(anonymous_6)
FNDA:2,(anonymous_7)
FNDA:2,(anonymous_8)
FNDA:2,(anonymous_9)
FNDA:1,exportPDF
FNDA:1,(anonymous_11)
FNDA:65,(anonymous_12)
FNDA:1,(anonymous_13)
FNDA:11,(anonymous_14)
FNDA:11,(anonymous_15)
FNDA:11,(anonymous_16)
FNDA:1,exportExcel
FNDA:11,(anonymous_18)
FNDA:11,(anonymous_19)
FNDA:6,formatDate
DA:1,1
DA:3,1
DA:4,1
DA:62,1
DA:63,2
DA:66,2
DA:67,2
DA:70,2
DA:78,2
DA:79,0
DA:83,2
DA:102,2
DA:118,2
DA:120,2
DA:129,2
DA:130,2
DA:131,2
DA:132,2
DA:133,2
DA:136,2
DA:137,2
DA:139,2
DA:140,2
DA:141,2
DA:144,2
DA:162,1
DA:163,1
DA:165,1
DA:166,1
DA:167,1
DA:173,1
DA:174,65
DA:175,1
DA:176,1
DA:178,1
DA:179,1
DA:185,1
DA:187,1
DA:189,1
DA:190,0
DA:192,0
DA:196,1
DA:197,1
DA:198,1
DA:199,1
DA:200,1
DA:201,1
DA:202,1
DA:203,1
DA:204,1
DA:205,1
DA:208,1
DA:209,0
DA:213,1
DA:227,1
DA:228,1
DA:229,1
DA:232,1
DA:233,1
DA:234,1
DA:235,11
DA:240,11
DA:243,1
DA:246,1
DA:247,11
DA:251,1
DA:252,1
DA:254,1
DA:255,0
DA:256,0
DA:259,1
DA:260,1
DA:274,1
DA:275,11
DA:280,11
DA:283,1
DA:287,1
DA:289,0
DA:302,1
DA:303,1
DA:305,1
DA:306,1
DA:311,1
DA:312,1
DA:313,1
DA:316,1
DA:319,1
DA:320,1
DA:321,1
DA:322,1
DA:323,1
DA:326,1
DA:329,1
DA:343,1
DA:344,1
DA:345,1
DA:346,11
DA:351,11
DA:352,11
DA:353,11
DA:362,1
DA:377,1
DA:378,1
DA:392,1
DA:393,11
DA:404,1
DA:405,1
DA:408,1
DA:409,1
DA:411,1
DA:412,1
DA:413,1
DA:414,1
DA:415,1
DA:416,1
DA:424,1
DA:425,1
DA:431,6
DA:432,6
DA:433,6
DA:434,6
DA:435,6
LF:122
LH:115
BRDA:78,0,0,0
BRDA:112,1,0,2
BRDA:112,1,1,0
BRDA:139,2,0,2
BRDA:189,3,0,0
BRDA:204,4,0,1
BRDA:204,4,1,0
BRDA:208,5,0,0
BRDA:208,5,1,1
BRDA:254,6,0,0
BRDA:264,7,0,1
BRDA:264,7,1,0
BRDA:267,8,0,1
BRDA:267,8,1,0
BRDA:268,9,0,1
BRDA:268,9,1,0
BRDA:270,10,0,1
BRDA:270,10,1,0
BRDA:271,11,0,1
BRDA:271,11,1,0
BRDA:382,12,0,1
BRDA:382,12,1,0
BRDA:385,13,0,1
BRDA:385,13,1,0
BRDA:386,14,0,1
BRDA:386,14,1,0
BRDA:388,15,0,1
BRDA:388,15,1,0
BRDA:389,16,0,1
BRDA:389,16,1,0
BRDA:418,17,0,1
BRDA:418,17,1,0
BRF:32
BRH:15
end_of_record
TN:
SF:src\services\ticketService.ts
FN:61,create
FN:127,(anonymous_10)
FN:173,(anonymous_11)
FN:199,listForSatker
FN:294,listForBidtekkom
FN:375,listForPadal
FN:451,listForTeknisi
FN:553,getById
FN:655,assignToPadal
FN:783,markComplete
FN:895,cancel
FN:1020,(anonymous_20)
FN:1051,reject
FNF:13
FNH:5
FNDA:0,create
FNDA:0,(anonymous_10)
FNDA:0,(anonymous_11)
FNDA:0,listForSatker
FNDA:1,listForBidtekkom
FNDA:0,listForPadal
FNDA:0,listForTeknisi
FNDA:0,getById
FNDA:13,assignToPadal
FNDA:5,markComplete
FNDA:8,cancel
FNDA:0,(anonymous_20)
FNDA:5,reject
DA:1,2
DA:9,2
DA:10,2
DA:11,2
DA:12,2
DA:13,2
DA:61,2
DA:67,0
DA:71,0
DA:72,0
DA:75,0
DA:76,0
DA:84,0
DA:92,0
DA:93,0
DA:101,0
DA:104,0
DA:124,0
DA:126,0
DA:127,0
DA:135,0
DA:140,0
DA:153,0
DA:166,0
DA:167,0
DA:172,0
DA:174,0
DA:186,0
DA:199,2
DA:204,0
DA:205,0
DA:206,0
DA:209,0
DA:213,0
DA:214,0
DA:217,0
DA:218,0
DA:224,0
DA:225,0
DA:226,0
DA:227,0
DA:228,0
DA:229,0
DA:230,0
DA:235,0
DA:236,0
DA:242,0
DA:243,0
DA:244,0
DA:247,0
DA:274,0
DA:276,0
DA:294,2
DA:298,1
DA:299,1
DA:300,1
DA:302,1
DA:304,1
DA:305,1
DA:308,1
DA:309,1
DA:315,1
DA:316,0
DA:317,0
DA:318,0
DA:319,0
DA:320,0
DA:321,0
DA:325,1
DA:356,1
DA:358,1
DA:375,2
DA:380,0
DA:381,0
DA:382,0
DA:384,0
DA:386,0
DA:387,0
DA:390,0
DA:391,0
DA:397,0
DA:398,0
DA:399,0
DA:400,0
DA:401,0
DA:402,0
DA:403,0
DA:407,0
DA:432,0
DA:434,0
DA:451,2
DA:456,0
DA:457,0
DA:460,0
DA:465,0
DA:467,0
DA:478,0
DA:479,0
DA:481,0
DA:482,0
DA:485,0
DA:486,0
DA:492,0
DA:493,0
DA:494,0
DA:495,0
DA:496,0
DA:497,0
DA:498,0
DA:502,0
DA:527,0
DA:529,0
DA:553,2
DA:558,0
DA:597,0
DA:598,0
DA:602,0
DA:604,0
DA:605,0
DA:607,0
DA:611,0
DA:614,0
DA:615,0
DA:617,0
DA:621,0
DA:626,0
DA:627,0
DA:630,0
DA:631,0
DA:633,0
DA:637,0
DA:640,0
DA:655,2
DA:661,13
DA:665,13
DA:666,2
DA:669,11
DA:670,2
DA:678,9
DA:682,9
DA:683,2
DA:686,7
DA:687,2
DA:694,5
DA:695,2
DA:703,3
DA:704,3
DA:716,3
DA:717,2
DA:725,1
DA:738,1
DA:744,1
DA:757,1
DA:758,1
DA:768,1
DA:783,2
DA:788,5
DA:792,5
DA:793,1
DA:796,4
DA:797,1
DA:805,3
DA:806,1
DA:814,2
DA:815,2
DA:826,2
DA:827,1
DA:835,1
DA:848,1
DA:854,1
DA:865,1
DA:866,1
DA:876,1
DA:895,2
DA:902,8
DA:906,8
DA:907,1
DA:910,7
DA:911,2
DA:919,5
DA:920,3
DA:921,1
DA:931,4
DA:932,0
DA:940,4
DA:951,4
DA:952,1
DA:960,3
DA:973,3
DA:979,3
DA:992,3
DA:994,3
DA:995,2
DA:1004,3
DA:1005,1
DA:1014,3
DA:1019,3
DA:1021,0
DA:1033,3
DA:1051,2
DA:1056,5
DA:1057,5
DA:1058,1
DA:1062,4
DA:1066,4
DA:1067,1
DA:1070,3
DA:1071,1
DA:1079,2
DA:1090,2
DA:1091,1
DA:1099,1
DA:1112,1
DA:1118,1
DA:1130,1
DA:1131,1
DA:1141,1
LF:217
LH:107
BRDA:71,0,0,0
BRDA:75,1,0,0
BRDA:92,2,0,0
BRDA:126,3,0,0
BRDA:126,4,0,0
BRDA:126,4,1,0
BRDA:130,5,0,0
BRDA:130,5,1,0
BRDA:130,5,2,0
BRDA:201,6,0,0
BRDA:204,7,0,0
BRDA:204,7,1,0
BRDA:204,8,0,0
BRDA:204,8,1,0
BRDA:205,9,0,0
BRDA:205,9,1,0
BRDA:205,10,0,0
BRDA:205,10,1,0
BRDA:213,11,0,0
BRDA:217,12,0,0
BRDA:224,13,0,0
BRDA:224,14,0,0
BRDA:224,14,1,0
BRDA:226,15,0,0
BRDA:227,16,0,0
BRDA:235,17,0,0
BRDA:242,18,0,0
BRDA:295,19,0,0
BRDA:298,20,0,1
BRDA:298,20,1,0
BRDA:298,21,0,1
BRDA:298,21,1,1
BRDA:299,22,0,1
BRDA:299,22,1,0
BRDA:299,23,0,1
BRDA:299,23,1,1
BRDA:304,24,0,1
BRDA:308,25,0,1
BRDA:315,26,0,0
BRDA:315,27,0,1
BRDA:315,27,1,1
BRDA:317,28,0,0
BRDA:318,29,0,0
BRDA:377,30,0,0
BRDA:380,31,0,0
BRDA:380,31,1,0
BRDA:380,32,0,0
BRDA:380,32,1,0
BRDA:381,33,0,0
BRDA:381,33,1,0
BRDA:381,34,0,0
BRDA:381,34,1,0
BRDA:386,35,0,0
BRDA:390,36,0,0
BRDA:397,37,0,0
BRDA:397,38,0,0
BRDA:397,38,1,0
BRDA:399,39,0,0
BRDA:400,40,0,0
BRDA:453,41,0,0
BRDA:456,42,0,0
BRDA:456,42,1,0
BRDA:456,43,0,0
BRDA:456,43,1,0
BRDA:457,44,0,0
BRDA:457,44,1,0
BRDA:457,45,0,0
BRDA:457,45,1,0
BRDA:465,46,0,0
BRDA:465,47,0,0
BRDA:465,47,1,0
BRDA:481,48,0,0
BRDA:485,49,0,0
BRDA:492,50,0,0
BRDA:492,51,0,0
BRDA:492,51,1,0
BRDA:494,52,0,0
BRDA:495,53,0,0
BRDA:597,54,0,0
BRDA:602,55,0,0
BRDA:602,55,1,0
BRDA:602,55,2,0
BRDA:602,55,3,0
BRDA:602,55,4,0
BRDA:604,56,0,0
BRDA:614,57,0,0
BRDA:626,58,0,0
BRDA:626,59,0,0
BRDA:626,59,1,0
BRDA:630,60,0,0
BRDA:665,61,0,2
BRDA:669,62,0,2
BRDA:682,63,0,2
BRDA:686,64,0,2
BRDA:694,65,0,2
BRDA:716,66,0,2
BRDA:747,67,0,1
BRDA:747,67,1,0
BRDA:792,68,0,1
BRDA:796,69,0,1
BRDA:805,70,0,1
BRDA:826,71,0,1
BRDA:857,72,0,1
BRDA:857,72,1,0
BRDA:906,73,0,1
BRDA:910,74,0,2
BRDA:910,75,0,7
BRDA:910,75,1,3
BRDA:919,76,0,3
BRDA:920,77,0,1
BRDA:931,78,0,0
BRDA:931,79,0,4
BRDA:931,79,1,2
BRDA:931,79,2,2
BRDA:947,80,0,4
BRDA:947,80,1,1
BRDA:951,81,0,1
BRDA:982,82,0,3
BRDA:982,82,1,0
BRDA:986,83,0,3
BRDA:986,83,1,0
BRDA:994,84,0,2
BRDA:1004,85,0,1
BRDA:1004,86,0,3
BRDA:1004,86,1,1
BRDA:1057,87,0,1
BRDA:1066,88,0,1
BRDA:1070,89,0,1
BRDA:1090,90,0,1
BRDA:1121,91,0,1
BRDA:1121,91,1,0
BRF:131
BRH:45
end_of_record
TN:
SF:src\utils\AppError.ts
FN:10,(anonymous_0)
FN:33,(anonymous_1)
FNF:2
FNH:1
FNDA:193,(anonymous_0)
FNDA:0,(anonymous_1)
DA:5,5
DA:16,193
DA:17,193
DA:18,193
DA:19,193
DA:22,193
DA:25,193
DA:26,193
DA:34,0
LF:9
LH:8
BRDA:25,0,0,193
BRDA:38,1,0,0
BRDA:38,1,1,0
BRF:3
BRH:1
end_of_record
TN:
SF:src\utils\logger.ts
FN:11,(anonymous_0)
FN:15,(anonymous_1)
FN:19,(anonymous_2)
FN:23,(anonymous_3)
FN:32,(anonymous_4)
FN:52,getTimestamp
FN:56,getLogPrefix
FN:65,writeLog
FNF:8
FNH:0
FNDA:0,(anonymous_0)
FNDA:0,(anonymous_1)
FNDA:0,(anonymous_2)
FNDA:0,(anonymous_3)
FNDA:0,(anonymous_4)
FNDA:0,getTimestamp
FNDA:0,getLogPrefix
FNDA:0,writeLog
DA:1,1
DA:2,1
DA:10,1
DA:12,0
DA:16,0
DA:20,0
DA:24,0
DA:25,0
DA:33,0
DA:34,0
DA:35,0
DA:38,0
DA:39,0
DA:40,0
DA:43,0
DA:44,0
DA:45,0
DA:48,0
DA:53,0
DA:57,0
DA:58,0
DA:59,0
DA:62,0
DA:66,0
DA:67,0
DA:69,0
DA:70,0
DA:71,0
DA:74,0
LF:29
LH:3
BRDA:24,0,0,0
BRDA:33,1,0,0
BRDA:38,2,0,0
BRDA:43,3,0,0
BRDA:58,4,0,0
BRDA:69,5,0,0
BRF:6
BRH:0
end_of_record
TN:
SF:src\validators\auth.ts
FN:13,(anonymous_0)
FN:16,(anonymous_1)
FNF:2
FNH:2
FNDA:200,(anonymous_0)
FNDA:200,(anonymous_1)
DA:1,1
DA:9,1
DA:13,200
DA:16,200
DA:27,1
DA:48,1
DA:61,1
DA:72,1
LF:8
LH:8
BRF:0
BRH:0
end_of_record
